Could not make gene from sequence	TEM-59.3000928.AF062386.1.30-862.931
Could not make gene from sequence	TEM-7.3000879.AF527798.1.0-783.8424
Could not make gene from sequence	SHV-12.3001071.AJ920369.1.23-860.1470
Could not make gene from sequence	OXA-195.3001480.HQ425493.1.0-822.2003
Could not make gene from sequence	LEN-14.3002477.AY265889.1.2-458.8427
Could not make gene from sequence	SHV-152.3001191.JX121119.1.0-858.1232
Could not make gene from sequence	CMY-4.3002015.Y15130.1.0-1143.1179
Could not make gene from sequence	CTX-M-107.3001967.JF274244.1.2-863.8431
Could not make gene from sequence	CTX-M-11.3001874.AY005110.1.0-846.1588
Could not make gene from sequence	SHV-162.3001201.JX121129.1.0-858.830
Could not make gene from sequence	SHV-6.3001065.Y11069.1.0-780.1875
Could not make gene from sequence	SHV-21.3001079.AF117745.1.0-780.1391
Could not make gene from sequence	SHV-83.3001137.AM176558.2.0-861.8139
Could not make gene from sequence	TEM-22.3000893.Y17583.1.213-1071.1725
Could not make gene from sequence	CMY-29.3002040.EF685371.2.0-1143.8209
Could not make gene from sequence	QnrB41.3002756.JN166690.1.0-681.645
Could not make gene from sequence	SHV-153.3001192.JX121120.1.0-858.1312
Could not make gene from sequence	TEM-21.3000892.Y17582.1.0-858.1077
Could not make gene from sequence	ACT-16.3001827.AB737978.1.0-1140.1341
Could not make gene from sequence	TEM-89.3000956.AY039040.1.188-1022.1727
Could not make gene from sequence	TEM-205.3001382.KC900516.1.0-858.1957
Could not make gene from sequence	TEM-213.3001390.KF663615.1.0-858.1246
Could not make gene from sequence	TEM-192.3001052.JF949915.1.0-754.1158
Could not make gene from sequence	KPC-9.3002319.FJ624872.1.2-854.8408
Could not make gene from sequence	LEN-6.3002476.AY265890.1.0-472.960
Translation of inferred gene dna sequence does not match protein sequence	cphA4.3003100.AY227050.1.130-895.1409
Could not make gene from sequence	SHV-150.3001189.JX121117.1.0-858.1064
Could not make gene from sequence	SHV-20.3001078.AF117744.1.0-780.1314
Could not make gene from sequence	CTX-M-108.3001968.JF274245.1.1-862.8429
Could not make gene from sequence	TEM-42.3000911.X98047.1.0-843.8426
Could not make gene from sequence	SHV-124.3001171.GQ390806.1.0-813.1851
Could not make gene from sequence	SHV-53.3001110.AY590467.1.1-727.8428
Could not make gene from sequence	OXA-36.3001430.AF300985.1.0-739.1842
Could not make gene from sequence	OXA-104.3001636.EF581285.1.0-822.1122
Could not make gene from sequence	TEM-29.3000899.Y17584.1.0-858.2036
Could not make gene from sequence	catS.3002688.X74948.1.0-492.6245
Could not make gene from sequence	TEM-118.3000981.AY130285.1.0-783.8422
Could not make gene from sequence	LEN-3.3002475.AY130286.1.1-823.8409
Could not make gene from sequence	TEM-20.3000891.Y17581.1.78-936.1800
Could not make gene from sequence	SHV-158.3001197.JX121125.1.0-858.1712
Could not make gene from sequence	TEM-169.3001035.FJ873740.1.0-858.1075
Could not make gene from sequence	SHV-22.3001080.AF117746.1.0-780.1474
Could not make gene from sequence	OXA-194.3001479.HQ425492.1.0-822.1925
Translation of inferred gene dna sequence does not match protein sequence	OXA-16.3001411.AF043100.1.1-775.8404
Could not make gene from sequence	CMY-30.3002041.EF685372.2.0-1143.8164
Could not make gene from sequence	GES-23.3002352.KF179354.1.0-861.1481
Could not make gene from sequence	SHV-149.3001188.JX121116.1.0-858.915
Could not make gene from sequence	QnrS3.3002792.EU077611.1.2-656.8406
Could not make gene from sequence	CTX-M-110.3001970.JF274242.1.0-877.1665
Could not make gene from sequence	CTX-M-109.3001969.JF274248.1.0-864.8420
Could not make gene from sequence	OXA-197.3001482.HQ425495.1.0-822.883
Could not make gene from sequence	OKP-B-12.3002445.AJ635420.1.0-789.6221
Could not make gene from sequence	SHV-147.3001186.JX121114.1.0-858.2021
Could not make gene from sequence	SHV-126.3001173.GQ390808.1.0-813.2020
Could not make gene from sequence	CTX-M-74.3001935.GQ149243.1.0-873.1668
Could not make gene from sequence	SHV-167.3001204.AB733453.1.3-849.1146
Could not make gene from sequence	ACC-3.3001817.AF180958.1.0-1131.1910
Could not make gene from sequence	SHV-125.3001172.GQ390807.1.0-813.1942
Could not make gene from sequence	SHV-19.3001077.AF117743.1.0-780.1147
Could not make gene from sequence	TEM-199.3001058.JX050178.1.1-853.8407
Could not make gene from sequence	TEM-75.3000941.AY130284.1.0-783.8423
Could not make gene from sequence	LEN-4.3002472.AY130287.1.1-823.8405
Could not make gene from sequence	OXA-33.3001427.AY008291.1.0-768.8425
Could not make gene from sequence	SHV-140.3001182.JN051143.1.0-861.6223
Could not make gene from sequence	aad(6).3002628.AY712687.1.0-831.6244
Could not make gene from sequence	SHV-123.3001170.GQ390805.1.0-813.1773
Could not make gene from sequence	SHV-23.3001081.AF117747.1.0-780.1560
Could not make gene from sequence	SHV-154.3001193.JX121121.1.0-858.1389
Could not make gene from sequence	SHV-84.3001138.AM087453.1.25-856.1395
Could not make gene from sequence	TEM-117.3000980.AY130282.1.0-762.5900
Could not make gene from sequence	OXA-34.3001428.AF350424.1.0-771.1931
Could not make gene from sequence	SHV-151.3001190.JX121118.1.0-858.1145
Could not make gene from sequence	SHV-148.3001187.JX121115.1.0-858.829
Translation of inferred gene dna sequence does not match protein sequence	tet(43).3000573.GQ244501.1.59-1619.4680
Could not make gene from sequence	CTX-M-106.3001966.HQ913565.1.0-870.1271
Could not make gene from sequence	SHV-159.3001198.JX121126.1.0-858.1788
Translation of inferred gene dna sequence does not match protein sequence	TEM-131.3000995.AY436361.1.131-992.1953
Could not make gene from sequence	CMY-87.3002100.AB699171.1.0-1143.1284
Could not make gene from sequence	CMY-59.3002069.AB587082.1.0-1188.6218
Translation of inferred gene dna sequence does not match protein sequence	IMI-3.3001860.GU015024.1.0-879.1356
Could not make gene from sequence	CTX-M-75.3001936.GQ149244.1.0-873.1743
Could not make gene from sequence	OXA-196.3001481.HQ425494.1.0-822.802
Could not make gene from sequence	CMY-12.3002023.Y16785.1.0-1143.1421
Could not make gene from sequence	SHV-127.3001174.GQ390809.1.0-813.828
Could not make gene from sequence	SHV-155.3001194.JX121122.1.0-858.1472
Could not make gene from sequence	OXA-116.3001441.EU220744.1.0-786.6248
Translation of inferred gene dna sequence does not match protein sequence	otrC.3002894.AY509111.1.0-1056.421
Could not make gene from sequence	SHV-165.3001203.JX121131.1.0-858.1065
Could not make gene from sequence	SHV-163.3001202.JX121130.1.0-858.916
Translation of inferred gene dna sequence does not match protein sequence	CARB-18.3003174.KJ934266.1.0-852.942
Could not make gene from sequence	parC.3003310.CP011538.1.660262-663064.5886
Could not make gene from sequence	parC.3003309.NC_002162.1.531446-533999.5888
Could not make gene from sequence	opcM.3003037.U38944.1.0-1536.3687
Could not make gene from sequence	gyrB.3003305.NC_011374.1.104283-106236.5887
Could not make gene from sequence	efrB.3003949.HG970103.1.0-1086.6247
Could not make gene from sequence	Burkholderia_pseudomallei_Omp38.3004123.AY312416.1.0-1122.4100
Could not make gene from sequence	PDC-73.3004336.KR057742.1.0-1116.6225
Could not make gene from sequence	PDC-75.3004338.KR057744.1.0-1116.6226
Could not make gene from sequence	PDC-76.3004339.KR057745.1.0-1116.6227
Could not make gene from sequence	PDC-77.3004340.KR057746.1.0-1116.6228
Could not make gene from sequence	PDC-78.3004341.KR057747.1.0-1116.6229
Could not make gene from sequence	PDC-79.3004342.KR057748.1.0-1116.6230
Could not make gene from sequence	PDC-81.3004344.KR057750.1.0-1116.6231
Could not make gene from sequence	PDC-82.3004345.KR057751.1.0-1116.6232
Could not make gene from sequence	PDC-83.3004346.KR057752.1.0-1116.6233
Could not make gene from sequence	PDC-84.3004347.KR057753.1.0-1116.6234
Could not make gene from sequence	PDC-85.3004348.KR057754.1.0-1116.6235
Could not make gene from sequence	PDC-87.3004350.KR057756.1.0-1116.6236
Could not make gene from sequence	PDC-88.3004351.KR057757.1.0-1110.6237
Could not make gene from sequence	PDC-89.3004352.KR057758.1.0-1107.6238
Could not make gene from sequence	PDC-90.3004353.KR057759.1.0-1107.6239
Could not make gene from sequence	PDC-91.3004354.KR057760.1.0-1104.6240
Could not make gene from sequence	PDC-92.3004355.KR057761.1.0-1110.6241
Could not make gene from sequence	PDC-93.3004356.KR057762.1.0-1116.6242
Could not make gene from sequence	parC.3004630.NC_000908.2.242223-244569.5889
Translation of inferred gene dna sequence does not match protein sequence	AQU-2.3004647.KF730243.1.0-1143.5474
Could not make gene from sequence	OXA-140.3001452.KR780479.1.1-706.8421
Could not make gene from sequence	GOB-2.3004809.AF189296.1.0-756.5801
Could not make gene from sequence	GOB-3.3004810.AF189291.1.0-756.5802
Could not make gene from sequence	GOB-4.3004811.AF189293.1.0-756.5803
Could not make gene from sequence	GOB-5.3004812.AF189290.1.0-756.5804
Could not make gene from sequence	GOB-6.3004813.AF189292.1.0-756.5805
Could not make gene from sequence	GOB-7.3004814.AF189297.1.0-756.5806
Translation of inferred gene dna sequence does not match protein sequence	CTX-M-161.3003169.KP128034.1.0-876.6065
Translation of inferred gene dna sequence does not match protein sequence	KPC-41.3005373.MK497255.1.0-891.6480
Translation of inferred gene dna sequence does not match protein sequence	OXA-704.3005911.NG_062326.1.17-841.7391
Translation of inferred gene dna sequence does not match protein sequence	PDC-125.3006501.NG_050589.1.1-1194.7636
