A16S.MEG_10_Drugs_Aminoglycosides_Aminoglycoside_resistant_16S_ribosomal_subunit_protein_A16S_RequiresSNPConfirmation was removed because it failed filtering checks, so removing its metadata
A16S.MEG_11_Drugs_Aminoglycosides_Aminoglycoside_resistant_16S_ribosomal_subunit_protein_A16S_RequiresSNPConfirmation was removed because it failed filtering checks, so removing its metadata
A16S.MEG_12_Drugs_Aminoglycosides_Aminoglycoside_resistant_16S_ribosomal_subunit_protein_A16S_RequiresSNPConfirmation was removed because it failed filtering checks, so removing its metadata
A16S.MEG_1_Drugs_Aminoglycosides_Aminoglycoside_resistant_16S_ribosomal_subunit_protein_A16S_RequiresSNPConfirmation was removed because it failed filtering checks, so removing its metadata
A16S.MEG_2_Drugs_Aminoglycosides_Aminoglycoside_resistant_16S_ribosomal_subunit_protein_A16S_RequiresSNPConfirmation was removed because it failed filtering checks, so removing its metadata
A16S.MEG_3_Drugs_Aminoglycosides_Aminoglycoside_resistant_16S_ribosomal_subunit_protein_A16S_RequiresSNPConfirmation was removed because it failed filtering checks, so removing its metadata
A16S.MEG_4_Drugs_Aminoglycosides_Aminoglycoside_resistant_16S_ribosomal_subunit_protein_A16S_RequiresSNPConfirmation was removed because it failed filtering checks, so removing its metadata
A16S.MEG_5_Drugs_Aminoglycosides_Aminoglycoside_resistant_16S_ribosomal_subunit_protein_A16S_RequiresSNPConfirmation was removed because it failed filtering checks, so removing its metadata
A16S.MEG_6_Drugs_Aminoglycosides_Aminoglycoside_resistant_16S_ribosomal_subunit_protein_A16S_RequiresSNPConfirmation was removed because it failed filtering checks, so removing its metadata
A16S.MEG_7_Drugs_Aminoglycosides_Aminoglycoside_resistant_16S_ribosomal_subunit_protein_A16S_RequiresSNPConfirmation was removed because it failed filtering checks, so removing its metadata
A16S.MEG_8_Drugs_Aminoglycosides_Aminoglycoside_resistant_16S_ribosomal_subunit_protein_A16S_RequiresSNPConfirmation was removed because it failed filtering checks, so removing its metadata
A16S.MEG_9_Drugs_Aminoglycosides_Aminoglycoside_resistant_16S_ribosomal_subunit_protein_A16S_RequiresSNPConfirmation was removed because it failed filtering checks, so removing its metadata
AAC3_PRIME.MEG_70_Drugs_Aminoglycosides_Aminoglycoside_N_acetyltransferases_AAC3_PRIME was removed because it failed filtering checks, so removing its metadata
AAC6_PRIME.MEG_298_Drugs_Aminoglycosides_Aminoglycoside_N_acetyltransferases_AAC6_PRIME was removed because it failed filtering checks, so removing its metadata
AAC6_PRIME.MEG_312_Drugs_Aminoglycosides_Aminoglycoside_N_acetyltransferases_AAC6_PRIME was removed because it failed filtering checks, so removing its metadata
AAC6_PRIME.MEG_333_Drugs_Aminoglycosides_Aminoglycoside_N_acetyltransferases_AAC6_PRIME was removed because it failed filtering checks, so removing its metadata
AAC6_PRIME.MEG_336_Drugs_Aminoglycosides_Aminoglycoside_N_acetyltransferases_AAC6_PRIME was removed because it failed filtering checks, so removing its metadata
AAC6_PRIME.MEG_338_Drugs_Aminoglycosides_Aminoglycoside_N_acetyltransferases_AAC6_PRIME was removed because it failed filtering checks, so removing its metadata
AAC6_PRIME.MEG_339_Drugs_Aminoglycosides_Aminoglycoside_N_acetyltransferases_AAC6_PRIME was removed because it failed filtering checks, so removing its metadata
AAC6_PRIME.MEG_340_Drugs_Aminoglycosides_Aminoglycoside_N_acetyltransferases_AAC6_PRIME was removed because it failed filtering checks, so removing its metadata
AAC6_PRIME.MEG_342_Drugs_Aminoglycosides_Aminoglycoside_N_acetyltransferases_AAC6_PRIME was removed because it failed filtering checks, so removing its metadata
AAC6_PRIME.MEG_346_Drugs_Aminoglycosides_Aminoglycoside_N_acetyltransferases_AAC6_PRIME was removed because it failed filtering checks, so removing its metadata
AAC6_PRIME.MEG_362_Drugs_Aminoglycosides_Aminoglycoside_N_acetyltransferases_AAC6_PRIME was removed because it failed filtering checks, so removing its metadata
AAC6_PRIME.MEG_364_Drugs_Aminoglycosides_Aminoglycoside_N_acetyltransferases_AAC6_PRIME was removed because it failed filtering checks, so removing its metadata
ABES.MEG_374_Multi_compound_Drug_and_biocide_resistance_Drug_and_biocide_SMR_efflux_pumps_ABES was removed because it failed filtering checks, so removing its metadata
ACC.MEG_391_Drugs_betalactams_Class_C_betalactamases_ACC was removed because it failed filtering checks, so removing its metadata
ACT.MEG_447_Drugs_betalactams_Class_C_betalactamases_ACT was removed because it failed filtering checks, so removing its metadata
ACT.MEG_448_Drugs_betalactams_Class_C_betalactamases_ACT was removed because it failed filtering checks, so removing its metadata
ACT.MEG_449_Drugs_betalactams_Class_C_betalactamases_ACT was removed because it failed filtering checks, so removing its metadata
ACT.MEG_483_Drugs_betalactams_Class_C_betalactamases_ACT was removed because it failed filtering checks, so removing its metadata
ACT.MEG_484_Drugs_betalactams_Class_C_betalactamases_ACT was removed because it failed filtering checks, so removing its metadata
ACT.MEG_486_Drugs_betalactams_Class_C_betalactamases_ACT was removed because it failed filtering checks, so removing its metadata
ACT.MEG_487_Drugs_betalactams_Class_C_betalactamases_ACT was removed because it failed filtering checks, so removing its metadata
ACT.MEG_488_Drugs_betalactams_Class_C_betalactamases_ACT was removed because it failed filtering checks, so removing its metadata
ACT.MEG_490_Drugs_betalactams_Class_C_betalactamases_ACT was removed because it failed filtering checks, so removing its metadata
ACT.MEG_491_Drugs_betalactams_Class_C_betalactamases_ACT was removed because it failed filtering checks, so removing its metadata
ACT.MEG_492_Drugs_betalactams_Class_C_betalactamases_ACT was removed because it failed filtering checks, so removing its metadata
ACT.MEG_493_Drugs_betalactams_Class_C_betalactamases_ACT was removed because it failed filtering checks, so removing its metadata
ACT.MEG_495_Drugs_betalactams_Class_C_betalactamases_ACT was removed because it failed filtering checks, so removing its metadata
ACT.MEG_497_Drugs_betalactams_Class_C_betalactamases_ACT was removed because it failed filtering checks, so removing its metadata
AER.MEG_708_Drugs_betalactams_Class_A_betalactamases_AER was removed because it failed filtering checks, so removing its metadata
ALU1P.MEG_723_Metals_Aluminum_resistance_Aluminum_resistance_protein_ALU1P was removed because it failed filtering checks, so removing its metadata
ANT3_DPRIME.MEG_952_Drugs_Aminoglycosides_Aminoglycoside_O_nucleotidyltransferases_ANT3_DPRIME was removed because it failed filtering checks, so removing its metadata
ANT3_DPRIME.MEG_955_Drugs_Aminoglycosides_Aminoglycoside_O_nucleotidyltransferases_ANT3_DPRIME was removed because it failed filtering checks, so removing its metadata
ANT3_DPRIME.MEG_965_Drugs_Aminoglycosides_Aminoglycoside_O_nucleotidyltransferases_ANT3_DPRIME was removed because it failed filtering checks, so removing its metadata
ANT3_DPRIME.MEG_967_Drugs_Aminoglycosides_Aminoglycoside_O_nucleotidyltransferases_ANT3_DPRIME was removed because it failed filtering checks, so removing its metadata
ANT4_PRIME.MEG_985_Drugs_Aminoglycosides_Aminoglycoside_O_nucleotidyltransferases_ANT4_PRIME was removed because it failed filtering checks, so removing its metadata
ANT6.MEG_996_Drugs_Aminoglycosides_Aminoglycoside_O_nucleotidyltransferases_ANT6 was removed because it failed filtering checks, so removing its metadata
ANT6.MEG_999_Drugs_Aminoglycosides_Aminoglycoside_O_nucleotidyltransferases_ANT6 was removed because it failed filtering checks, so removing its metadata
APH3_DPRIME.MEG_1056_Drugs_Aminoglycosides_Aminoglycoside_O_phosphotransferases_APH3_DPRIME was removed because it failed filtering checks, so removing its metadata
BLAA.MEG_1249_Drugs_betalactams_Class_A_betalactamases_BLAA was removed because it failed filtering checks, so removing its metadata
BLAB.MEG_1265_Drugs_betalactams_Class_B_betalactamases_BLAB was removed because it failed filtering checks, so removing its metadata
BLASME.MEG_1318_Drugs_betalactams_Class_A_betalactamases_BLASME was removed because it failed filtering checks, so removing its metadata
BLASME.MEG_1319_Drugs_betalactams_Class_A_betalactamases_BLASME was removed because it failed filtering checks, so removing its metadata
BLAZ.MEG_1422_Drugs_betalactams_Class_A_betalactamases_BLAZ was removed because it failed filtering checks, so removing its metadata
BLT.MEG_1464_Multi_compound_Drug_and_biocide_resistance_Drug_and_biocide_MFS_efflux_pumps_BLT was removed because it failed filtering checks, so removing its metadata
CAP16S.MEG_1490_Drugs_Cationic_antimicrobial_peptides_Cationic_peptide_resistant_16S_ribosomal_subunit_protein_CAP16S_RequiresSNPConfirmation was removed because it failed filtering checks, so removing its metadata
CARB.MEG_1520_Drugs_betalactams_Class_A_betalactamases_CARB was removed because it failed filtering checks, so removing its metadata
CARB.MEG_1542_Drugs_betalactams_Class_A_betalactamases_CARB was removed because it failed filtering checks, so removing its metadata
CARB.MEG_1543_Drugs_betalactams_Class_A_betalactamases_CARB was removed because it failed filtering checks, so removing its metadata
CARB.MEG_1544_Drugs_betalactams_Class_A_betalactamases_CARB was removed because it failed filtering checks, so removing its metadata
CARB.MEG_1545_Drugs_betalactams_Class_A_betalactamases_CARB was removed because it failed filtering checks, so removing its metadata
CARB.MEG_1546_Drugs_betalactams_Class_A_betalactamases_CARB was removed because it failed filtering checks, so removing its metadata
CARB.MEG_1547_Drugs_betalactams_Class_A_betalactamases_CARB was removed because it failed filtering checks, so removing its metadata
CATA.MEG_1593_Drugs_Phenicol_Chloramphenicol_acetyltransferases_CATA was removed because it failed filtering checks, so removing its metadata
CATS.MEG_1633_Drugs_Phenicol_Chloramphenicol_acetyltransferases_CATS was removed because it failed filtering checks, so removing its metadata
CFIA.MEG_1678_Drugs_betalactams_Class_B_betalactamases_CFIA was removed because it failed filtering checks, so removing its metadata
CMLA.MEG_1768_Drugs_Phenicol_Phenicol_resistance_MFS_efflux_pumps_CMLA was removed because it failed filtering checks, so removing its metadata
CMLA.MEG_1769_Drugs_Phenicol_Phenicol_resistance_MFS_efflux_pumps_CMLA was removed because it failed filtering checks, so removing its metadata
CMLA.MEG_1771_Drugs_Phenicol_Phenicol_resistance_MFS_efflux_pumps_CMLA was removed because it failed filtering checks, so removing its metadata
CMY.MEG_1848_Drugs_betalactams_Class_C_betalactamases_CMY was removed because it failed filtering checks, so removing its metadata
CMY.MEG_1849_Drugs_betalactams_Class_C_betalactamases_CMY was removed because it failed filtering checks, so removing its metadata
CMY.MEG_1871_Drugs_betalactams_Class_C_betalactamases_CMY was removed because it failed filtering checks, so removing its metadata
CMY.MEG_1872_Drugs_betalactams_Class_C_betalactamases_CMY was removed because it failed filtering checks, so removing its metadata
CMY.MEG_1948_Drugs_betalactams_Class_C_betalactamases_CMY was removed because it failed filtering checks, so removing its metadata
CMY.MEG_1949_Drugs_betalactams_Class_C_betalactamases_CMY was removed because it failed filtering checks, so removing its metadata
CMY.MEG_1953_Drugs_betalactams_Class_C_betalactamases_CMY was removed because it failed filtering checks, so removing its metadata
CMY.MEG_1955_Drugs_betalactams_Class_C_betalactamases_CMY was removed because it failed filtering checks, so removing its metadata
CMY.MEG_1956_Drugs_betalactams_Class_C_betalactamases_CMY was removed because it failed filtering checks, so removing its metadata
CMY.MEG_1957_Drugs_betalactams_Class_C_betalactamases_CMY was removed because it failed filtering checks, so removing its metadata
CMY.MEG_1958_Drugs_betalactams_Class_C_betalactamases_CMY was removed because it failed filtering checks, so removing its metadata
CMY.MEG_1959_Drugs_betalactams_Class_C_betalactamases_CMY was removed because it failed filtering checks, so removing its metadata
CMY.MEG_1960_Drugs_betalactams_Class_C_betalactamases_CMY was removed because it failed filtering checks, so removing its metadata
CMY.MEG_1961_Drugs_betalactams_Class_C_betalactamases_CMY was removed because it failed filtering checks, so removing its metadata
CMY.MEG_1962_Drugs_betalactams_Class_C_betalactamases_CMY was removed because it failed filtering checks, so removing its metadata
CMY.MEG_1963_Drugs_betalactams_Class_C_betalactamases_CMY was removed because it failed filtering checks, so removing its metadata
CMY.MEG_1964_Drugs_betalactams_Class_C_betalactamases_CMY was removed because it failed filtering checks, so removing its metadata
CMY.MEG_1965_Drugs_betalactams_Class_C_betalactamases_CMY was removed because it failed filtering checks, so removing its metadata
CMY.MEG_1966_Drugs_betalactams_Class_C_betalactamases_CMY was removed because it failed filtering checks, so removing its metadata
CMY.MEG_1967_Drugs_betalactams_Class_C_betalactamases_CMY was removed because it failed filtering checks, so removing its metadata
CMY.MEG_1968_Drugs_betalactams_Class_C_betalactamases_CMY was removed because it failed filtering checks, so removing its metadata
CMY.MEG_1969_Drugs_betalactams_Class_C_betalactamases_CMY was removed because it failed filtering checks, so removing its metadata
CMY.MEG_1970_Drugs_betalactams_Class_C_betalactamases_CMY was removed because it failed filtering checks, so removing its metadata
CMY.MEG_1971_Drugs_betalactams_Class_C_betalactamases_CMY was removed because it failed filtering checks, so removing its metadata
CMY.MEG_1972_Drugs_betalactams_Class_C_betalactamases_CMY was removed because it failed filtering checks, so removing its metadata
CMY.MEG_1973_Drugs_betalactams_Class_C_betalactamases_CMY was removed because it failed filtering checks, so removing its metadata
CMY.MEG_1974_Drugs_betalactams_Class_C_betalactamases_CMY was removed because it failed filtering checks, so removing its metadata
CMY.MEG_1975_Drugs_betalactams_Class_C_betalactamases_CMY was removed because it failed filtering checks, so removing its metadata
CMY.MEG_1976_Drugs_betalactams_Class_C_betalactamases_CMY was removed because it failed filtering checks, so removing its metadata
CMY.MEG_1977_Drugs_betalactams_Class_C_betalactamases_CMY was removed because it failed filtering checks, so removing its metadata
CMY.MEG_1979_Drugs_betalactams_Class_C_betalactamases_CMY was removed because it failed filtering checks, so removing its metadata
CMY.MEG_1980_Drugs_betalactams_Class_C_betalactamases_CMY was removed because it failed filtering checks, so removing its metadata
CMY.MEG_1981_Drugs_betalactams_Class_C_betalactamases_CMY was removed because it failed filtering checks, so removing its metadata
CMY.MEG_1982_Drugs_betalactams_Class_C_betalactamases_CMY was removed because it failed filtering checks, so removing its metadata
CMY.MEG_1983_Drugs_betalactams_Class_C_betalactamases_CMY was removed because it failed filtering checks, so removing its metadata
CMY.MEG_1984_Drugs_betalactams_Class_C_betalactamases_CMY was removed because it failed filtering checks, so removing its metadata
CMY.MEG_1985_Drugs_betalactams_Class_C_betalactamases_CMY was removed because it failed filtering checks, so removing its metadata
CMY.MEG_1986_Drugs_betalactams_Class_C_betalactamases_CMY was removed because it failed filtering checks, so removing its metadata
CMY.MEG_1987_Drugs_betalactams_Class_C_betalactamases_CMY was removed because it failed filtering checks, so removing its metadata
CMY.MEG_1989_Drugs_betalactams_Class_C_betalactamases_CMY was removed because it failed filtering checks, so removing its metadata
CMY.MEG_1990_Drugs_betalactams_Class_C_betalactamases_CMY was removed because it failed filtering checks, so removing its metadata
CMY.MEG_1991_Drugs_betalactams_Class_C_betalactamases_CMY was removed because it failed filtering checks, so removing its metadata
CMY.MEG_1993_Drugs_betalactams_Class_C_betalactamases_CMY was removed because it failed filtering checks, so removing its metadata
CMY.MEG_1994_Drugs_betalactams_Class_C_betalactamases_CMY was removed because it failed filtering checks, so removing its metadata
CMY.MEG_1995_Drugs_betalactams_Class_C_betalactamases_CMY was removed because it failed filtering checks, so removing its metadata
CMY.MEG_1996_Drugs_betalactams_Class_C_betalactamases_CMY was removed because it failed filtering checks, so removing its metadata
CMY.MEG_1997_Drugs_betalactams_Class_C_betalactamases_CMY was removed because it failed filtering checks, so removing its metadata
CMY.MEG_1998_Drugs_betalactams_Class_C_betalactamases_CMY was removed because it failed filtering checks, so removing its metadata
CMY.MEG_2000_Drugs_betalactams_Class_C_betalactamases_CMY was removed because it failed filtering checks, so removing its metadata
CMY.MEG_2001_Drugs_betalactams_Class_C_betalactamases_CMY was removed because it failed filtering checks, so removing its metadata
CNRA.MEG_2005_Metals_Multi_metal_resistance_Multi_metal_resistance_protein_CNRA was removed because it failed filtering checks, so removing its metadata
CNRA.MEG_2006_Metals_Multi_metal_resistance_Multi_metal_resistance_protein_CNRA was removed because it failed filtering checks, so removing its metadata
CNRA.MEG_2007_Metals_Multi_metal_resistance_Multi_metal_resistance_protein_CNRA was removed because it failed filtering checks, so removing its metadata
CNRA.MEG_2008_Metals_Multi_metal_resistance_Multi_metal_resistance_protein_CNRA was removed because it failed filtering checks, so removing its metadata
CORC.MEG_2090_Metals_Multi_metal_resistance_Multi_metal_resistance_protein_CORC was removed because it failed filtering checks, so removing its metadata
CTX.MEG_2216_Drugs_betalactams_Class_A_betalactamases_CTX was removed because it failed filtering checks, so removing its metadata
CTX.MEG_2226_Drugs_betalactams_Class_A_betalactamases_CTX was removed because it failed filtering checks, so removing its metadata
CTX.MEG_2229_Drugs_betalactams_Class_A_betalactamases_CTX was removed because it failed filtering checks, so removing its metadata
CTX.MEG_2257_Drugs_betalactams_Class_A_betalactamases_CTX was removed because it failed filtering checks, so removing its metadata
CTX.MEG_2310_Drugs_betalactams_Class_A_betalactamases_CTX was removed because it failed filtering checks, so removing its metadata
CTX.MEG_2315_Drugs_betalactams_Class_A_betalactamases_CTX was removed because it failed filtering checks, so removing its metadata
CTX.MEG_2316_Drugs_betalactams_Class_A_betalactamases_CTX was removed because it failed filtering checks, so removing its metadata
CTX.MEG_2329_Drugs_betalactams_Class_A_betalactamases_CTX was removed because it failed filtering checks, so removing its metadata
CTX.MEG_2330_Drugs_betalactams_Class_A_betalactamases_CTX was removed because it failed filtering checks, so removing its metadata
CTX.MEG_2332_Drugs_betalactams_Class_A_betalactamases_CTX was removed because it failed filtering checks, so removing its metadata
CTX.MEG_2335_Drugs_betalactams_Class_A_betalactamases_CTX was removed because it failed filtering checks, so removing its metadata
CTX.MEG_2369_Drugs_betalactams_Class_A_betalactamases_CTX was removed because it failed filtering checks, so removing its metadata
CTX.MEG_2370_Drugs_betalactams_Class_A_betalactamases_CTX was removed because it failed filtering checks, so removing its metadata
CTX.MEG_2371_Drugs_betalactams_Class_A_betalactamases_CTX was removed because it failed filtering checks, so removing its metadata
CTX.MEG_2372_Drugs_betalactams_Class_A_betalactamases_CTX was removed because it failed filtering checks, so removing its metadata
CTX.MEG_2373_Drugs_betalactams_Class_A_betalactamases_CTX was removed because it failed filtering checks, so removing its metadata
CTX.MEG_2374_Drugs_betalactams_Class_A_betalactamases_CTX was removed because it failed filtering checks, so removing its metadata
CTX.MEG_2380_Drugs_betalactams_Class_A_betalactamases_CTX was removed because it failed filtering checks, so removing its metadata
CTX.MEG_2381_Drugs_betalactams_Class_A_betalactamases_CTX was removed because it failed filtering checks, so removing its metadata
CTX.MEG_2387_Drugs_betalactams_Class_A_betalactamases_CTX was removed because it failed filtering checks, so removing its metadata
CTX.MEG_2389_Drugs_betalactams_Class_A_betalactamases_CTX was removed because it failed filtering checks, so removing its metadata
CTX.MEG_2390_Drugs_betalactams_Class_A_betalactamases_CTX was removed because it failed filtering checks, so removing its metadata
CTX.MEG_2391_Drugs_betalactams_Class_A_betalactamases_CTX was removed because it failed filtering checks, so removing its metadata
CTX.MEG_2392_Drugs_betalactams_Class_A_betalactamases_CTX was removed because it failed filtering checks, so removing its metadata
CTX.MEG_2393_Drugs_betalactams_Class_A_betalactamases_CTX was removed because it failed filtering checks, so removing its metadata
CTX.MEG_2394_Drugs_betalactams_Class_A_betalactamases_CTX was removed because it failed filtering checks, so removing its metadata
CTX.MEG_2396_Drugs_betalactams_Class_A_betalactamases_CTX was removed because it failed filtering checks, so removing its metadata
CTX.MEG_2397_Drugs_betalactams_Class_A_betalactamases_CTX was removed because it failed filtering checks, so removing its metadata
CTX.MEG_2398_Drugs_betalactams_Class_A_betalactamases_CTX was removed because it failed filtering checks, so removing its metadata
CTX.MEG_2399_Drugs_betalactams_Class_A_betalactamases_CTX was removed because it failed filtering checks, so removing its metadata
CTX.MEG_2400_Drugs_betalactams_Class_A_betalactamases_CTX was removed because it failed filtering checks, so removing its metadata
CTX.MEG_2401_Drugs_betalactams_Class_A_betalactamases_CTX was removed because it failed filtering checks, so removing its metadata
CTX.MEG_2402_Drugs_betalactams_Class_A_betalactamases_CTX was removed because it failed filtering checks, so removing its metadata
CTX.MEG_2403_Drugs_betalactams_Class_A_betalactamases_CTX was removed because it failed filtering checks, so removing its metadata
CTX.MEG_2404_Drugs_betalactams_Class_A_betalactamases_CTX was removed because it failed filtering checks, so removing its metadata
CTX.MEG_2405_Drugs_betalactams_Class_A_betalactamases_CTX was removed because it failed filtering checks, so removing its metadata
CTX.MEG_2406_Drugs_betalactams_Class_A_betalactamases_CTX was removed because it failed filtering checks, so removing its metadata
CTX.MEG_2409_Drugs_betalactams_Class_A_betalactamases_CTX was removed because it failed filtering checks, so removing its metadata
CTX.MEG_2412_Drugs_betalactams_Class_A_betalactamases_CTX was removed because it failed filtering checks, so removing its metadata
CTX.MEG_2413_Drugs_betalactams_Class_A_betalactamases_CTX was removed because it failed filtering checks, so removing its metadata
CTX.MEG_2414_Drugs_betalactams_Class_A_betalactamases_CTX was removed because it failed filtering checks, so removing its metadata
CTX.MEG_2415_Drugs_betalactams_Class_A_betalactamases_CTX was removed because it failed filtering checks, so removing its metadata
CTX.MEG_2416_Drugs_betalactams_Class_A_betalactamases_CTX was removed because it failed filtering checks, so removing its metadata
CTX.MEG_2419_Drugs_betalactams_Class_A_betalactamases_CTX was removed because it failed filtering checks, so removing its metadata
CTX.MEG_2420_Drugs_betalactams_Class_A_betalactamases_CTX was removed because it failed filtering checks, so removing its metadata
CTX.MEG_2421_Drugs_betalactams_Class_A_betalactamases_CTX was removed because it failed filtering checks, so removing its metadata
CTX.MEG_2423_Drugs_betalactams_Class_A_betalactamases_CTX was removed because it failed filtering checks, so removing its metadata
CTX.MEG_2424_Drugs_betalactams_Class_A_betalactamases_CTX was removed because it failed filtering checks, so removing its metadata
CTX.MEG_2425_Drugs_betalactams_Class_A_betalactamases_CTX was removed because it failed filtering checks, so removing its metadata
CTX.MEG_2426_Drugs_betalactams_Class_A_betalactamases_CTX was removed because it failed filtering checks, so removing its metadata
CTX.MEG_2427_Drugs_betalactams_Class_A_betalactamases_CTX was removed because it failed filtering checks, so removing its metadata
CTX.MEG_2428_Drugs_betalactams_Class_A_betalactamases_CTX was removed because it failed filtering checks, so removing its metadata
CTX.MEG_2429_Drugs_betalactams_Class_A_betalactamases_CTX was removed because it failed filtering checks, so removing its metadata
CTX.MEG_2430_Drugs_betalactams_Class_A_betalactamases_CTX was removed because it failed filtering checks, so removing its metadata
CTX.MEG_2431_Drugs_betalactams_Class_A_betalactamases_CTX was removed because it failed filtering checks, so removing its metadata
CTX.MEG_2432_Drugs_betalactams_Class_A_betalactamases_CTX was removed because it failed filtering checks, so removing its metadata
CTX.MEG_2433_Drugs_betalactams_Class_A_betalactamases_CTX was removed because it failed filtering checks, so removing its metadata
CTX.MEG_2434_Drugs_betalactams_Class_A_betalactamases_CTX was removed because it failed filtering checks, so removing its metadata
CTX.MEG_2435_Drugs_betalactams_Class_A_betalactamases_CTX was removed because it failed filtering checks, so removing its metadata
CTX.MEG_2437_Drugs_betalactams_Class_A_betalactamases_CTX was removed because it failed filtering checks, so removing its metadata
CUSC.MEG_2450_Metals_Multi_metal_resistance_Multi_metal_RND_efflux_pumps_CUSC was removed because it failed filtering checks, so removing its metadata
DFRD.MEG_2576_Drugs_Trimethoprim_Dihydrofolate_reductase_DFRD was removed because it failed filtering checks, so removing its metadata
DHA.MEG_2612_Drugs_betalactams_Class_C_betalactamases_DHA was removed because it failed filtering checks, so removing its metadata
DHFR.MEG_2622_Drugs_Trimethoprim_Dihydrofolate_reductase_DHFR_RequiresSNPConfirmation was removed because it failed filtering checks, so removing its metadata
DHFR.MEG_2638_Drugs_Trimethoprim_Dihydrofolate_reductase_DHFR_RequiresSNPConfirmation was removed because it failed filtering checks, so removing its metadata
DHFR.MEG_2641_Drugs_Trimethoprim_Dihydrofolate_reductase_DHFR_RequiresSNPConfirmation was removed because it failed filtering checks, so removing its metadata
EFRA.MEG_2706_Multi_compound_Drug_and_biocide_resistance_Drug_and_biocide_ABC_efflux_pumps_EFRA was removed because it failed filtering checks, so removing its metadata
EFRB.MEG_2707_Multi_compound_Drug_and_biocide_resistance_Drug_and_biocide_ABC_efflux_pumps_EFRB was removed because it failed filtering checks, so removing its metadata
EREA.MEG_2751_Drugs_MLS_Macrolide_esterases_EREA was removed because it failed filtering checks, so removing its metadata
ERMA.MEG_2786_Drugs_MLS_23S_rRNA_methyltransferases_ERMA was removed because it failed filtering checks, so removing its metadata
ERMB.MEG_2803_Drugs_MLS_23S_rRNA_methyltransferases_ERMB was removed because it failed filtering checks, so removing its metadata
ERMB.MEG_2807_Drugs_MLS_23S_rRNA_methyltransferases_ERMB was removed because it failed filtering checks, so removing its metadata
ERMF.MEG_2832_Drugs_MLS_23S_rRNA_methyltransferases_ERMF was removed because it failed filtering checks, so removing its metadata
ERMQ.MEG_2842_Drugs_MLS_23S_rRNA_methyltransferases_ERMQ was removed because it failed filtering checks, so removing its metadata
ERMV.MEG_2852_Drugs_MLS_23S_rRNA_methyltransferases_ERMV was removed because it failed filtering checks, so removing its metadata
ERMV.MEG_2853_Drugs_MLS_23S_rRNA_methyltransferases_ERMV was removed because it failed filtering checks, so removing its metadata
FEXA.MEG_2905_Multi_compound_Drug_and_biocide_resistance_Drug_and_biocide_MFS_efflux_pumps_FEXA was removed because it failed filtering checks, so removing its metadata
FMRO.MEG_2932_Drugs_Aminoglycosides_16S_rRNA_methyltransferases_FMRO was removed because it failed filtering checks, so removing its metadata
FOMB.MEG_2975_Drugs_Fosfomycin_Fosfomycin_phosphorylation_FOMB was removed because it failed filtering checks, so removing its metadata
FOSA.MEG_3002_Drugs_Fosfomycin_Fosfomycin_thiol_transferases_FOSA was removed because it failed filtering checks, so removing its metadata
FOSA.MEG_3003_Drugs_Fosfomycin_Fosfomycin_thiol_transferases_FOSA was removed because it failed filtering checks, so removing its metadata
FOX.MEG_3044_Drugs_betalactams_Class_C_betalactamases_FOX was removed because it failed filtering checks, so removing its metadata
FOX.MEG_3045_Drugs_betalactams_Class_C_betalactamases_FOX was removed because it failed filtering checks, so removing its metadata
FOX.MEG_3046_Drugs_betalactams_Class_C_betalactamases_FOX was removed because it failed filtering checks, so removing its metadata
FOX.MEG_3047_Drugs_betalactams_Class_C_betalactamases_FOX was removed because it failed filtering checks, so removing its metadata
GADA.MEG_3077_Biocides_Acid_resistance_Acid_resistance_protein_GADA was removed because it failed filtering checks, so removing its metadata
GES.MEG_3127_Drugs_betalactams_Class_A_betalactamases_GES was removed because it failed filtering checks, so removing its metadata
GES.MEG_3129_Drugs_betalactams_Class_A_betalactamases_GES was removed because it failed filtering checks, so removing its metadata
GES.MEG_3131_Drugs_betalactams_Class_A_betalactamases_GES was removed because it failed filtering checks, so removing its metadata
GOB.MEG_3152_Drugs_betalactams_Class_B_betalactamases_GOB was removed because it failed filtering checks, so removing its metadata
GOB.MEG_3153_Drugs_betalactams_Class_B_betalactamases_GOB was removed because it failed filtering checks, so removing its metadata
GOB.MEG_3154_Drugs_betalactams_Class_B_betalactamases_GOB was removed because it failed filtering checks, so removing its metadata
GOB.MEG_3155_Drugs_betalactams_Class_B_betalactamases_GOB was removed because it failed filtering checks, so removing its metadata
GOB.MEG_3156_Drugs_betalactams_Class_B_betalactamases_GOB was removed because it failed filtering checks, so removing its metadata
GOB.MEG_3157_Drugs_betalactams_Class_B_betalactamases_GOB was removed because it failed filtering checks, so removing its metadata
GYRB.MEG_3240_Drugs_Fluoroquinolones_Fluoroquinolone_resistant_DNA_topoisomerases_GYRB_RequiresSNPConfirmation was removed because it failed filtering checks, so removing its metadata
GYRBA.MEG_3247_Drugs_Aminocoumarins_Aminocoumarin_resistant_DNA_topoisomerases_GYRBA_RequiresSNPConfirmation was removed because it failed filtering checks, so removing its metadata
IMP.MEG_3390_Drugs_betalactams_Class_B_betalactamases_IMP was removed because it failed filtering checks, so removing its metadata
IMP.MEG_3391_Drugs_betalactams_Class_B_betalactamases_IMP was removed because it failed filtering checks, so removing its metadata
IMP.MEG_3392_Drugs_betalactams_Class_B_betalactamases_IMP was removed because it failed filtering checks, so removing its metadata
IMP.MEG_3393_Drugs_betalactams_Class_B_betalactamases_IMP was removed because it failed filtering checks, so removing its metadata
IMP.MEG_3394_Drugs_betalactams_Class_B_betalactamases_IMP was removed because it failed filtering checks, so removing its metadata
IMP.MEG_3395_Drugs_betalactams_Class_B_betalactamases_IMP was removed because it failed filtering checks, so removing its metadata
IMP.MEG_3396_Drugs_betalactams_Class_B_betalactamases_IMP was removed because it failed filtering checks, so removing its metadata
IMP.MEG_3397_Drugs_betalactams_Class_B_betalactamases_IMP was removed because it failed filtering checks, so removing its metadata
IND.MEG_3421_Drugs_betalactams_Class_B_betalactamases_IND was removed because it failed filtering checks, so removing its metadata
IND.MEG_3422_Drugs_betalactams_Class_B_betalactamases_IND was removed because it failed filtering checks, so removing its metadata
IND.MEG_3423_Drugs_betalactams_Class_B_betalactamases_IND was removed because it failed filtering checks, so removing its metadata
IND.MEG_3424_Drugs_betalactams_Class_B_betalactamases_IND was removed because it failed filtering checks, so removing its metadata
IND.MEG_3425_Drugs_betalactams_Class_B_betalactamases_IND was removed because it failed filtering checks, so removing its metadata
IND.MEG_3426_Drugs_betalactams_Class_B_betalactamases_IND was removed because it failed filtering checks, so removing its metadata
IND.MEG_3427_Drugs_betalactams_Class_B_betalactamases_IND was removed because it failed filtering checks, so removing its metadata
IND.MEG_3428_Drugs_betalactams_Class_B_betalactamases_IND was removed because it failed filtering checks, so removing its metadata
KPC.MEG_3487_Drugs_betalactams_Class_A_betalactamases_KPC was removed because it failed filtering checks, so removing its metadata
KPC.MEG_3490_Drugs_betalactams_Class_A_betalactamases_KPC was removed because it failed filtering checks, so removing its metadata
KPC.MEG_3495_Drugs_betalactams_Class_A_betalactamases_KPC was removed because it failed filtering checks, so removing its metadata
KPC.MEG_3507_Drugs_betalactams_Class_A_betalactamases_KPC was removed because it failed filtering checks, so removing its metadata
KPC.MEG_3508_Drugs_betalactams_Class_A_betalactamases_KPC was removed because it failed filtering checks, so removing its metadata
KPC.MEG_3509_Drugs_betalactams_Class_A_betalactamases_KPC was removed because it failed filtering checks, so removing its metadata
KPC.MEG_3510_Drugs_betalactams_Class_A_betalactamases_KPC was removed because it failed filtering checks, so removing its metadata
KPC.MEG_3511_Drugs_betalactams_Class_A_betalactamases_KPC was removed because it failed filtering checks, so removing its metadata
LEN.MEG_3546_Drugs_betalactams_Class_A_betalactamases_LEN was removed because it failed filtering checks, so removing its metadata
LEN.MEG_3548_Drugs_betalactams_Class_A_betalactamases_LEN was removed because it failed filtering checks, so removing its metadata
LEN.MEG_3551_Drugs_betalactams_Class_A_betalactamases_LEN was removed because it failed filtering checks, so removing its metadata
LEN.MEG_3552_Drugs_betalactams_Class_A_betalactamases_LEN was removed because it failed filtering checks, so removing its metadata
LEN.MEG_3553_Drugs_betalactams_Class_A_betalactamases_LEN was removed because it failed filtering checks, so removing its metadata
LEN.MEG_3554_Drugs_betalactams_Class_A_betalactamases_LEN was removed because it failed filtering checks, so removing its metadata
LEN.MEG_3555_Drugs_betalactams_Class_A_betalactamases_LEN was removed because it failed filtering checks, so removing its metadata
LEN.MEG_3564_Drugs_betalactams_Class_A_betalactamases_LEN was removed because it failed filtering checks, so removing its metadata
LEN.MEG_3565_Drugs_betalactams_Class_A_betalactamases_LEN was removed because it failed filtering checks, so removing its metadata
LEN.MEG_3566_Drugs_betalactams_Class_A_betalactamases_LEN was removed because it failed filtering checks, so removing its metadata
LEN.MEG_3567_Drugs_betalactams_Class_A_betalactamases_LEN was removed because it failed filtering checks, so removing its metadata
LEN.MEG_3574_Drugs_betalactams_Class_A_betalactamases_LEN was removed because it failed filtering checks, so removing its metadata
LEN.MEG_3575_Drugs_betalactams_Class_A_betalactamases_LEN was removed because it failed filtering checks, so removing its metadata
LEN.MEG_3576_Drugs_betalactams_Class_A_betalactamases_LEN was removed because it failed filtering checks, so removing its metadata
LEN.MEG_3578_Drugs_betalactams_Class_A_betalactamases_LEN was removed because it failed filtering checks, so removing its metadata
LEN.MEG_3579_Drugs_betalactams_Class_A_betalactamases_LEN was removed because it failed filtering checks, so removing its metadata
MDR23S.MEG_3740_Drugs_Multi_drug_resistance_MDR_23S_rRNA_mutation_MDR23S_RequiresSNPConfirmation was removed because it failed filtering checks, so removing its metadata
MEPA.MEG_3834_Multi_compound_Drug_and_biocide_resistance_Drug_and_biocide_MATE_efflux_pumps_MEPA was removed because it failed filtering checks, so removing its metadata
MERA.MEG_3839_Metals_Mercury_resistance_Mercury_resistance_protein_MERA was removed because it failed filtering checks, so removing its metadata
MERA.MEG_3840_Metals_Mercury_resistance_Mercury_resistance_protein_MERA was removed because it failed filtering checks, so removing its metadata
MEXA.MEG_3900_Multi_compound_Drug_and_biocide_resistance_Drug_and_biocide_RND_efflux_pumps_MEXA was removed because it failed filtering checks, so removing its metadata
MEXB.MEG_3902_Multi_compound_Drug_and_biocide_resistance_Drug_and_biocide_RND_efflux_pumps_MEXB was removed because it failed filtering checks, so removing its metadata
MEXR.MEG_3925_Multi_compound_Drug_and_biocide_resistance_Drug_and_biocide_RND_efflux_regulator_MEXR was removed because it failed filtering checks, so removing its metadata
MEXR.MEG_3926_Multi_compound_Drug_and_biocide_resistance_Drug_and_biocide_RND_efflux_regulator_MEXR was removed because it failed filtering checks, so removing its metadata
MEXR.MEG_3927_Multi_compound_Drug_and_biocide_resistance_Drug_and_biocide_RND_efflux_regulator_MEXR was removed because it failed filtering checks, so removing its metadata
MIR.MEG_3955_Drugs_betalactams_Class_C_betalactamases_MIR was removed because it failed filtering checks, so removing its metadata
MIR.MEG_3972_Drugs_betalactams_Class_C_betalactamases_MIR was removed because it failed filtering checks, so removing its metadata
MIR.MEG_3974_Drugs_betalactams_Class_C_betalactamases_MIR was removed because it failed filtering checks, so removing its metadata
MLS23S.MEG_3975_Drugs_MLS_Macrolide_resistant_23S_rRNA_mutation_MLS23S_RequiresSNPConfirmation was removed because it failed filtering checks, so removing its metadata
MLS23S.MEG_3976_Drugs_MLS_Macrolide_resistant_23S_rRNA_mutation_MLS23S_RequiresSNPConfirmation was removed because it failed filtering checks, so removing its metadata
MLS23S.MEG_3977_Drugs_MLS_Macrolide_resistant_23S_rRNA_mutation_MLS23S_RequiresSNPConfirmation was removed because it failed filtering checks, so removing its metadata
MLS23S.MEG_3978_Drugs_MLS_Macrolide_resistant_23S_rRNA_mutation_MLS23S_RequiresSNPConfirmation was removed because it failed filtering checks, so removing its metadata
MLS23S.MEG_3979_Drugs_MLS_Macrolide_resistant_23S_rRNA_mutation_MLS23S_RequiresSNPConfirmation was removed because it failed filtering checks, so removing its metadata
MLS23S.MEG_3980_Drugs_MLS_Macrolide_resistant_23S_rRNA_mutation_MLS23S_RequiresSNPConfirmation was removed because it failed filtering checks, so removing its metadata
MLS23S.MEG_3981_Drugs_MLS_Macrolide_resistant_23S_rRNA_mutation_MLS23S_RequiresSNPConfirmation was removed because it failed filtering checks, so removing its metadata
MLS23S.MEG_3982_Drugs_MLS_Macrolide_resistant_23S_rRNA_mutation_MLS23S_RequiresSNPConfirmation was removed because it failed filtering checks, so removing its metadata
MLS23S.MEG_3983_Drugs_MLS_Macrolide_resistant_23S_rRNA_mutation_MLS23S_RequiresSNPConfirmation was removed because it failed filtering checks, so removing its metadata
MLS23S.MEG_3984_Drugs_MLS_Macrolide_resistant_23S_rRNA_mutation_MLS23S_RequiresSNPConfirmation was removed because it failed filtering checks, so removing its metadata
MLS23S.MEG_3985_Drugs_MLS_Macrolide_resistant_23S_rRNA_mutation_MLS23S_RequiresSNPConfirmation was removed because it failed filtering checks, so removing its metadata
MLS23S.MEG_3986_Drugs_MLS_Macrolide_resistant_23S_rRNA_mutation_MLS23S_RequiresSNPConfirmation was removed because it failed filtering checks, so removing its metadata
MLS23S.MEG_3987_Drugs_MLS_Macrolide_resistant_23S_rRNA_mutation_MLS23S_RequiresSNPConfirmation was removed because it failed filtering checks, so removing its metadata
MLS23S.MEG_3988_Drugs_MLS_Macrolide_resistant_23S_rRNA_mutation_MLS23S_RequiresSNPConfirmation was removed because it failed filtering checks, so removing its metadata
MLS23S.MEG_3989_Drugs_MLS_Macrolide_resistant_23S_rRNA_mutation_MLS23S_RequiresSNPConfirmation was removed because it failed filtering checks, so removing its metadata
MLS23S.MEG_3990_Drugs_MLS_Macrolide_resistant_23S_rRNA_mutation_MLS23S_RequiresSNPConfirmation was removed because it failed filtering checks, so removing its metadata
MLS23S.MEG_3991_Drugs_MLS_Macrolide_resistant_23S_rRNA_mutation_MLS23S_RequiresSNPConfirmation was removed because it failed filtering checks, so removing its metadata
MLS23S.MEG_3992_Drugs_MLS_Macrolide_resistant_23S_rRNA_mutation_MLS23S_RequiresSNPConfirmation was removed because it failed filtering checks, so removing its metadata
MLS23S.MEG_3993_Drugs_MLS_Macrolide_resistant_23S_rRNA_mutation_MLS23S_RequiresSNPConfirmation was removed because it failed filtering checks, so removing its metadata
MLS23S.MEG_3994_Drugs_MLS_Macrolide_resistant_23S_rRNA_mutation_MLS23S_RequiresSNPConfirmation was removed because it failed filtering checks, so removing its metadata
MOX.MEG_4025_Drugs_betalactams_Class_C_betalactamases_MOX was removed because it failed filtering checks, so removing its metadata
MPHD.MEG_4041_Drugs_MLS_Macrolide_phosphotransferases_MPHD was removed because it failed filtering checks, so removing its metadata
NDM.MEG_4159_Drugs_betalactams_Class_B_betalactamases_NDM was removed because it failed filtering checks, so removing its metadata
NIKR.MEG_4175_Metals_Nickel_resistance_Nickel_ABC_efflux_regulator_NIKR was removed because it failed filtering checks, so removing its metadata
NIKR.MEG_4176_Metals_Nickel_resistance_Nickel_ABC_efflux_regulator_NIKR was removed because it failed filtering checks, so removing its metadata
NIMA.MEG_4178_Drugs_Metronidazole_nim_nitroimidazole_reductase_NIMA was removed because it failed filtering checks, so removing its metadata
NIME.MEG_4184_Drugs_Metronidazole_nim_nitroimidazole_reductase_NIME was removed because it failed filtering checks, so removing its metadata
NIME.MEG_4185_Drugs_Metronidazole_nim_nitroimidazole_reductase_NIME was removed because it failed filtering checks, so removing its metadata
NIMF.MEG_4186_Drugs_Metronidazole_nim_nitroimidazole_reductase_NIMF was removed because it failed filtering checks, so removing its metadata
NIMH.MEG_4187_Drugs_Metronidazole_nim_nitroimidazole_reductase_NIMH was removed because it failed filtering checks, so removing its metadata
NIMI.MEG_4189_Drugs_Metronidazole_nim_nitroimidazole_reductase_NIMI was removed because it failed filtering checks, so removing its metadata
NIMI.MEG_4190_Drugs_Metronidazole_nim_nitroimidazole_reductase_NIMI was removed because it failed filtering checks, so removing its metadata
NIMI.MEG_4191_Drugs_Metronidazole_nim_nitroimidazole_reductase_NIMI was removed because it failed filtering checks, so removing its metadata
NIMI.MEG_4192_Drugs_Metronidazole_nim_nitroimidazole_reductase_NIMI was removed because it failed filtering checks, so removing its metadata
NIMI.MEG_4193_Drugs_Metronidazole_nim_nitroimidazole_reductase_NIMI was removed because it failed filtering checks, so removing its metadata
NMPC.MEG_4204_Biocides_Paraquat_resistance_Paraquat_resistance_protein_NMPC was removed because it failed filtering checks, so removing its metadata
NORA.MEG_4206_Multi_compound_Drug_and_biocide_resistance_Drug_and_biocide_MFS_efflux_pumps_NORA was removed because it failed filtering checks, so removing its metadata
O23S.MEG_4223_Drugs_Oxazolidinone_Oxazolidinone_resistant_23S_rRNA_mutation_O23S_RequiresSNPConfirmation was removed because it failed filtering checks, so removing its metadata
OKP.MEG_4244_Drugs_betalactams_Class_A_betalactamases_OKP was removed because it failed filtering checks, so removing its metadata
OKP.MEG_4274_Drugs_betalactams_Class_A_betalactamases_OKP was removed because it failed filtering checks, so removing its metadata
OMP38.MEG_4284_Drugs_betalactams_Mutant_porin_proteins_OMP38 was removed because it failed filtering checks, so removing its metadata
OPCM.MEG_4291_Drugs_Multi_drug_resistance_Multi_drug_RND_efflux_pumps_OPCM was removed because it failed filtering checks, so removing its metadata
OPRM.MEG_4299_Biocides_Multi_biocide_resistance_Multi_biocide_RND_efflux_pump_OPRM was removed because it failed filtering checks, so removing its metadata
OQXB.MEG_4367_Multi_compound_Drug_and_biocide_resistance_Drug_and_biocide_RND_efflux_pumps_OQXB was removed because it failed filtering checks, so removing its metadata
OXA.MEG_4763_Drugs_betalactams_Class_D_betalactamases_OXA was removed because it failed filtering checks, so removing its metadata
OXA.MEG_4765_Drugs_betalactams_Class_D_betalactamases_OXA was removed because it failed filtering checks, so removing its metadata
OXA.MEG_4773_Drugs_betalactams_Class_D_betalactamases_OXA was removed because it failed filtering checks, so removing its metadata
OXA.MEG_4776_Drugs_betalactams_Class_D_betalactamases_OXA was removed because it failed filtering checks, so removing its metadata
OXA.MEG_4840_Drugs_betalactams_Class_D_betalactamases_OXA was removed because it failed filtering checks, so removing its metadata
OXA.MEG_4888_Drugs_betalactams_Class_D_betalactamases_OXA was removed because it failed filtering checks, so removing its metadata
OXA.MEG_4890_Drugs_betalactams_Class_D_betalactamases_OXA was removed because it failed filtering checks, so removing its metadata
OXA.MEG_4906_Drugs_betalactams_Class_D_betalactamases_OXA was removed because it failed filtering checks, so removing its metadata
OXA.MEG_4961_Drugs_betalactams_Class_D_betalactamases_OXA was removed because it failed filtering checks, so removing its metadata
OXA.MEG_4962_Drugs_betalactams_Class_D_betalactamases_OXA was removed because it failed filtering checks, so removing its metadata
OXA.MEG_4963_Drugs_betalactams_Class_D_betalactamases_OXA was removed because it failed filtering checks, so removing its metadata
OXA.MEG_4964_Drugs_betalactams_Class_D_betalactamases_OXA was removed because it failed filtering checks, so removing its metadata
OXA.MEG_5103_Drugs_betalactams_Class_D_betalactamases_OXA was removed because it failed filtering checks, so removing its metadata
OXA.MEG_5146_Drugs_betalactams_Class_D_betalactamases_OXA was removed because it failed filtering checks, so removing its metadata
OXA.MEG_5148_Drugs_betalactams_Class_D_betalactamases_OXA was removed because it failed filtering checks, so removing its metadata
OXA.MEG_5154_Drugs_betalactams_Class_D_betalactamases_OXA was removed because it failed filtering checks, so removing its metadata
OXA.MEG_5202_Drugs_betalactams_Class_D_betalactamases_OXA was removed because it failed filtering checks, so removing its metadata
OXA.MEG_5203_Drugs_betalactams_Class_D_betalactamases_OXA was removed because it failed filtering checks, so removing its metadata
OXA.MEG_5205_Drugs_betalactams_Class_D_betalactamases_OXA was removed because it failed filtering checks, so removing its metadata
OXA.MEG_5206_Drugs_betalactams_Class_D_betalactamases_OXA was removed because it failed filtering checks, so removing its metadata
OXA.MEG_5207_Drugs_betalactams_Class_D_betalactamases_OXA was removed because it failed filtering checks, so removing its metadata
OXA.MEG_5208_Drugs_betalactams_Class_D_betalactamases_OXA was removed because it failed filtering checks, so removing its metadata
OXA.MEG_5211_Drugs_betalactams_Class_D_betalactamases_OXA was removed because it failed filtering checks, so removing its metadata
OXA.MEG_5215_Drugs_betalactams_Class_D_betalactamases_OXA was removed because it failed filtering checks, so removing its metadata
OXA.MEG_5216_Drugs_betalactams_Class_D_betalactamases_OXA was removed because it failed filtering checks, so removing its metadata
OXA.MEG_5217_Drugs_betalactams_Class_D_betalactamases_OXA was removed because it failed filtering checks, so removing its metadata
OXA.MEG_5219_Drugs_betalactams_Class_D_betalactamases_OXA was removed because it failed filtering checks, so removing its metadata
OXA.MEG_5220_Drugs_betalactams_Class_D_betalactamases_OXA was removed because it failed filtering checks, so removing its metadata
OXA.MEG_5221_Drugs_betalactams_Class_D_betalactamases_OXA was removed because it failed filtering checks, so removing its metadata
OXA.MEG_5222_Drugs_betalactams_Class_D_betalactamases_OXA was removed because it failed filtering checks, so removing its metadata
OXA.MEG_5225_Drugs_betalactams_Class_D_betalactamases_OXA was removed because it failed filtering checks, so removing its metadata
OXA.MEG_5226_Drugs_betalactams_Class_D_betalactamases_OXA was removed because it failed filtering checks, so removing its metadata
OXA.MEG_5227_Drugs_betalactams_Class_D_betalactamases_OXA was removed because it failed filtering checks, so removing its metadata
OXA.MEG_5228_Drugs_betalactams_Class_D_betalactamases_OXA was removed because it failed filtering checks, so removing its metadata
OXA.MEG_5229_Drugs_betalactams_Class_D_betalactamases_OXA was removed because it failed filtering checks, so removing its metadata
OXA.MEG_5230_Drugs_betalactams_Class_D_betalactamases_OXA was removed because it failed filtering checks, so removing its metadata
OXA.MEG_5231_Drugs_betalactams_Class_D_betalactamases_OXA was removed because it failed filtering checks, so removing its metadata
OXA.MEG_5232_Drugs_betalactams_Class_D_betalactamases_OXA was removed because it failed filtering checks, so removing its metadata
OXA.MEG_5233_Drugs_betalactams_Class_D_betalactamases_OXA was removed because it failed filtering checks, so removing its metadata
OXA.MEG_5234_Drugs_betalactams_Class_D_betalactamases_OXA was removed because it failed filtering checks, so removing its metadata
OXA.MEG_5235_Drugs_betalactams_Class_D_betalactamases_OXA was removed because it failed filtering checks, so removing its metadata
OXA.MEG_5236_Drugs_betalactams_Class_D_betalactamases_OXA was removed because it failed filtering checks, so removing its metadata
OXA.MEG_5237_Drugs_betalactams_Class_D_betalactamases_OXA was removed because it failed filtering checks, so removing its metadata
OXA.MEG_5238_Drugs_betalactams_Class_D_betalactamases_OXA was removed because it failed filtering checks, so removing its metadata
OXA.MEG_5239_Drugs_betalactams_Class_D_betalactamases_OXA was removed because it failed filtering checks, so removing its metadata
OXA.MEG_5240_Drugs_betalactams_Class_D_betalactamases_OXA was removed because it failed filtering checks, so removing its metadata
OXA.MEG_5241_Drugs_betalactams_Class_D_betalactamases_OXA was removed because it failed filtering checks, so removing its metadata
OXA.MEG_5244_Drugs_betalactams_Class_D_betalactamases_OXA was removed because it failed filtering checks, so removing its metadata
OXA.MEG_5245_Drugs_betalactams_Class_D_betalactamases_OXA was removed because it failed filtering checks, so removing its metadata
OXA.MEG_5246_Drugs_betalactams_Class_D_betalactamases_OXA was removed because it failed filtering checks, so removing its metadata
OXA.MEG_5247_Drugs_betalactams_Class_D_betalactamases_OXA was removed because it failed filtering checks, so removing its metadata
OXA.MEG_5248_Drugs_betalactams_Class_D_betalactamases_OXA was removed because it failed filtering checks, so removing its metadata
OXA.MEG_5249_Drugs_betalactams_Class_D_betalactamases_OXA was removed because it failed filtering checks, so removing its metadata
OXA.MEG_5250_Drugs_betalactams_Class_D_betalactamases_OXA was removed because it failed filtering checks, so removing its metadata
OXA.MEG_5251_Drugs_betalactams_Class_D_betalactamases_OXA was removed because it failed filtering checks, so removing its metadata
OXA.MEG_5252_Drugs_betalactams_Class_D_betalactamases_OXA was removed because it failed filtering checks, so removing its metadata
OXA.MEG_5253_Drugs_betalactams_Class_D_betalactamases_OXA was removed because it failed filtering checks, so removing its metadata
OXA.MEG_5256_Drugs_betalactams_Class_D_betalactamases_OXA was removed because it failed filtering checks, so removing its metadata
OXA.MEG_5257_Drugs_betalactams_Class_D_betalactamases_OXA was removed because it failed filtering checks, so removing its metadata
OXA.MEG_5258_Drugs_betalactams_Class_D_betalactamases_OXA was removed because it failed filtering checks, so removing its metadata
OXA.MEG_5259_Drugs_betalactams_Class_D_betalactamases_OXA was removed because it failed filtering checks, so removing its metadata
OXA.MEG_5261_Drugs_betalactams_Class_D_betalactamases_OXA was removed because it failed filtering checks, so removing its metadata
OXA.MEG_5265_Drugs_betalactams_Class_D_betalactamases_OXA was removed because it failed filtering checks, so removing its metadata
OXA.MEG_5275_Drugs_betalactams_Class_D_betalactamases_OXA was removed because it failed filtering checks, so removing its metadata
OXA.MEG_5277_Drugs_betalactams_Class_D_betalactamases_OXA was removed because it failed filtering checks, so removing its metadata
OXY.MEG_5284_Drugs_betalactams_Class_A_betalactamases_OXY was removed because it failed filtering checks, so removing its metadata
OXY.MEG_5310_Drugs_betalactams_Class_A_betalactamases_OXY was removed because it failed filtering checks, so removing its metadata
OXY.MEG_5311_Drugs_betalactams_Class_A_betalactamases_OXY was removed because it failed filtering checks, so removing its metadata
OXY.MEG_5312_Drugs_betalactams_Class_A_betalactamases_OXY was removed because it failed filtering checks, so removing its metadata
OXY.MEG_5313_Drugs_betalactams_Class_A_betalactamases_OXY was removed because it failed filtering checks, so removing its metadata
OXY.MEG_5314_Drugs_betalactams_Class_A_betalactamases_OXY was removed because it failed filtering checks, so removing its metadata
OXY.MEG_5315_Drugs_betalactams_Class_A_betalactamases_OXY was removed because it failed filtering checks, so removing its metadata
OXY.MEG_5316_Drugs_betalactams_Class_A_betalactamases_OXY was removed because it failed filtering checks, so removing its metadata
OXY.MEG_5317_Drugs_betalactams_Class_A_betalactamases_OXY was removed because it failed filtering checks, so removing its metadata
OXY.MEG_5318_Drugs_betalactams_Class_A_betalactamases_OXY was removed because it failed filtering checks, so removing its metadata
OXY.MEG_5319_Drugs_betalactams_Class_A_betalactamases_OXY was removed because it failed filtering checks, so removing its metadata
P16S.MEG_5322_Drugs_Pactamycin_Pactamycin_resistant_16S_ribosomal_subunit_protein_P16S_RequiresSNPConfirmation was removed because it failed filtering checks, so removing its metadata
P23S.MEG_5323_Drugs_Pleuromutilin_Pleuromutilin_resistant_23S_rRNA_mutation_P23S_RequiresSNPConfirmation was removed because it failed filtering checks, so removing its metadata
PARC.MEG_5328_Drugs_Fluoroquinolones_Fluoroquinolone_resistant_DNA_topoisomerases_PARC_RequiresSNPConfirmation was removed because it failed filtering checks, so removing its metadata
PARC.MEG_5330_Drugs_Fluoroquinolones_Fluoroquinolone_resistant_DNA_topoisomerases_PARC_RequiresSNPConfirmation was removed because it failed filtering checks, so removing its metadata
PARC.MEG_5331_Drugs_Fluoroquinolones_Fluoroquinolone_resistant_DNA_topoisomerases_PARC_RequiresSNPConfirmation was removed because it failed filtering checks, so removing its metadata
PBP2.MEG_5403_Drugs_betalactams_Penicillin_binding_protein_PBP2 was removed because it failed filtering checks, so removing its metadata
PDC.MEG_5724_Drugs_betalactams_Class_C_betalactamases_PDC was removed because it failed filtering checks, so removing its metadata
PDC.MEG_5725_Drugs_betalactams_Class_C_betalactamases_PDC was removed because it failed filtering checks, so removing its metadata
PDC.MEG_5726_Drugs_betalactams_Class_C_betalactamases_PDC was removed because it failed filtering checks, so removing its metadata
PDC.MEG_5727_Drugs_betalactams_Class_C_betalactamases_PDC was removed because it failed filtering checks, so removing its metadata
PDC.MEG_5728_Drugs_betalactams_Class_C_betalactamases_PDC was removed because it failed filtering checks, so removing its metadata
PDC.MEG_5729_Drugs_betalactams_Class_C_betalactamases_PDC was removed because it failed filtering checks, so removing its metadata
PDC.MEG_5730_Drugs_betalactams_Class_C_betalactamases_PDC was removed because it failed filtering checks, so removing its metadata
PDC.MEG_5731_Drugs_betalactams_Class_C_betalactamases_PDC was removed because it failed filtering checks, so removing its metadata
PDC.MEG_5732_Drugs_betalactams_Class_C_betalactamases_PDC was removed because it failed filtering checks, so removing its metadata
PDC.MEG_5733_Drugs_betalactams_Class_C_betalactamases_PDC was removed because it failed filtering checks, so removing its metadata
PDC.MEG_5734_Drugs_betalactams_Class_C_betalactamases_PDC was removed because it failed filtering checks, so removing its metadata
PDC.MEG_5735_Drugs_betalactams_Class_C_betalactamases_PDC was removed because it failed filtering checks, so removing its metadata
PDC.MEG_5736_Drugs_betalactams_Class_C_betalactamases_PDC was removed because it failed filtering checks, so removing its metadata
PDC.MEG_5737_Drugs_betalactams_Class_C_betalactamases_PDC was removed because it failed filtering checks, so removing its metadata
PDC.MEG_5738_Drugs_betalactams_Class_C_betalactamases_PDC was removed because it failed filtering checks, so removing its metadata
PDC.MEG_5739_Drugs_betalactams_Class_C_betalactamases_PDC was removed because it failed filtering checks, so removing its metadata
PDC.MEG_5740_Drugs_betalactams_Class_C_betalactamases_PDC was removed because it failed filtering checks, so removing its metadata
PDC.MEG_5741_Drugs_betalactams_Class_C_betalactamases_PDC was removed because it failed filtering checks, so removing its metadata
PDC.MEG_5742_Drugs_betalactams_Class_C_betalactamases_PDC was removed because it failed filtering checks, so removing its metadata
PDC.MEG_5743_Drugs_betalactams_Class_C_betalactamases_PDC was removed because it failed filtering checks, so removing its metadata
PDC.MEG_5744_Drugs_betalactams_Class_C_betalactamases_PDC was removed because it failed filtering checks, so removing its metadata
PER.MEG_5766_Drugs_betalactams_Class_A_betalactamases_PER was removed because it failed filtering checks, so removing its metadata
PH23S.MEG_5781_Drugs_Phenicol_Phenicol_resistant_23S_rRNA_mutation_PH23S_RequiresSNPConfirmation was removed because it failed filtering checks, so removing its metadata
POM.MEG_5807_Drugs_betalactams_Class_B_betalactamases_POM was removed because it failed filtering checks, so removing its metadata
QNRB.MEG_5922_Drugs_Fluoroquinolones_Quinolone_resistance_protein_Qnr_QNRB was removed because it failed filtering checks, so removing its metadata
QNRB.MEG_5923_Drugs_Fluoroquinolones_Quinolone_resistance_protein_Qnr_QNRB was removed because it failed filtering checks, so removing its metadata
QNRB.MEG_5958_Drugs_Fluoroquinolones_Quinolone_resistance_protein_Qnr_QNRB was removed because it failed filtering checks, so removing its metadata
QNRB.MEG_5959_Drugs_Fluoroquinolones_Quinolone_resistance_protein_Qnr_QNRB was removed because it failed filtering checks, so removing its metadata
QNRB.MEG_5968_Drugs_Fluoroquinolones_Quinolone_resistance_protein_Qnr_QNRB was removed because it failed filtering checks, so removing its metadata
QNRB.MEG_5969_Drugs_Fluoroquinolones_Quinolone_resistance_protein_Qnr_QNRB was removed because it failed filtering checks, so removing its metadata
QNRB.MEG_5970_Drugs_Fluoroquinolones_Quinolone_resistance_protein_Qnr_QNRB was removed because it failed filtering checks, so removing its metadata
QNRB.MEG_6001_Drugs_Fluoroquinolones_Quinolone_resistance_protein_Qnr_QNRB was removed because it failed filtering checks, so removing its metadata
QNRB.MEG_6002_Drugs_Fluoroquinolones_Quinolone_resistance_protein_Qnr_QNRB was removed because it failed filtering checks, so removing its metadata
QNRB.MEG_6003_Drugs_Fluoroquinolones_Quinolone_resistance_protein_Qnr_QNRB was removed because it failed filtering checks, so removing its metadata
QNRB.MEG_6004_Drugs_Fluoroquinolones_Quinolone_resistance_protein_Qnr_QNRB was removed because it failed filtering checks, so removing its metadata
QNRB.MEG_6006_Drugs_Fluoroquinolones_Quinolone_resistance_protein_Qnr_QNRB was removed because it failed filtering checks, so removing its metadata
QNRB.MEG_6007_Drugs_Fluoroquinolones_Quinolone_resistance_protein_Qnr_QNRB was removed because it failed filtering checks, so removing its metadata
QNRS.MEG_6019_Drugs_Fluoroquinolones_Quinolone_resistance_protein_Qnr_QNRS was removed because it failed filtering checks, so removing its metadata
QNRS.MEG_6022_Drugs_Fluoroquinolones_Quinolone_resistance_protein_Qnr_QNRS was removed because it failed filtering checks, so removing its metadata
RECG.MEG_6052_Metals_Chromium_resistance_Chromium_resistance_protein_RECG was removed because it failed filtering checks, so removing its metadata
RMTB.MEG_6065_Drugs_Aminoglycosides_16S_rRNA_methyltransferases_RMTB was removed because it failed filtering checks, so removing its metadata
RRSA.MEG_6145_Drugs_Aminoglycosides_Aminoglycoside_resistant_16S_ribosomal_subunit_protein_RRSA_RequiresSNPConfirmation was removed because it failed filtering checks, so removing its metadata
RRSC.MEG_6146_Drugs_Aminoglycosides_Aminoglycoside_resistant_16S_ribosomal_subunit_protein_RRSC_RequiresSNPConfirmation was removed because it failed filtering checks, so removing its metadata
RRSH.MEG_6147_Drugs_Aminoglycosides_Aminoglycoside_resistant_16S_ribosomal_subunit_protein_RRSH_RequiresSNPConfirmation was removed because it failed filtering checks, so removing its metadata
RUVB.MEG_6153_Multi_compound_Biocide_and_metal_resistance_Biocide_and_metal_resistance_protein_RUVB was removed because it failed filtering checks, so removing its metadata
SHV.MEG_6248_Drugs_betalactams_Class_A_betalactamases_SHV was removed because it failed filtering checks, so removing its metadata
SHV.MEG_6249_Drugs_betalactams_Class_A_betalactamases_SHV was removed because it failed filtering checks, so removing its metadata
SHV.MEG_6256_Drugs_betalactams_Class_A_betalactamases_SHV was removed because it failed filtering checks, so removing its metadata
SHV.MEG_6258_Drugs_betalactams_Class_A_betalactamases_SHV was removed because it failed filtering checks, so removing its metadata
SHV.MEG_6259_Drugs_betalactams_Class_A_betalactamases_SHV was removed because it failed filtering checks, so removing its metadata
SHV.MEG_6260_Drugs_betalactams_Class_A_betalactamases_SHV was removed because it failed filtering checks, so removing its metadata
SHV.MEG_6261_Drugs_betalactams_Class_A_betalactamases_SHV was removed because it failed filtering checks, so removing its metadata
SHV.MEG_6262_Drugs_betalactams_Class_A_betalactamases_SHV was removed because it failed filtering checks, so removing its metadata
SHV.MEG_6282_Drugs_betalactams_Class_A_betalactamases_SHV was removed because it failed filtering checks, so removing its metadata
SHV.MEG_6283_Drugs_betalactams_Class_A_betalactamases_SHV was removed because it failed filtering checks, so removing its metadata
SHV.MEG_6296_Drugs_betalactams_Class_A_betalactamases_SHV was removed because it failed filtering checks, so removing its metadata
SHV.MEG_6307_Drugs_betalactams_Class_A_betalactamases_SHV was removed because it failed filtering checks, so removing its metadata
SHV.MEG_6316_Drugs_betalactams_Class_A_betalactamases_SHV was removed because it failed filtering checks, so removing its metadata
SHV.MEG_6340_Drugs_betalactams_Class_A_betalactamases_SHV was removed because it failed filtering checks, so removing its metadata
SHV.MEG_6344_Drugs_betalactams_Class_A_betalactamases_SHV was removed because it failed filtering checks, so removing its metadata
SHV.MEG_6345_Drugs_betalactams_Class_A_betalactamases_SHV was removed because it failed filtering checks, so removing its metadata
SHV.MEG_6346_Drugs_betalactams_Class_A_betalactamases_SHV was removed because it failed filtering checks, so removing its metadata
SHV.MEG_6347_Drugs_betalactams_Class_A_betalactamases_SHV was removed because it failed filtering checks, so removing its metadata
SHV.MEG_6348_Drugs_betalactams_Class_A_betalactamases_SHV was removed because it failed filtering checks, so removing its metadata
SHV.MEG_6361_Drugs_betalactams_Class_A_betalactamases_SHV was removed because it failed filtering checks, so removing its metadata
SHV.MEG_6366_Drugs_betalactams_Class_A_betalactamases_SHV was removed because it failed filtering checks, so removing its metadata
SHV.MEG_6367_Drugs_betalactams_Class_A_betalactamases_SHV was removed because it failed filtering checks, so removing its metadata
SHV.MEG_6368_Drugs_betalactams_Class_A_betalactamases_SHV was removed because it failed filtering checks, so removing its metadata
SHV.MEG_6369_Drugs_betalactams_Class_A_betalactamases_SHV was removed because it failed filtering checks, so removing its metadata
SHV.MEG_6370_Drugs_betalactams_Class_A_betalactamases_SHV was removed because it failed filtering checks, so removing its metadata
SHV.MEG_6371_Drugs_betalactams_Class_A_betalactamases_SHV was removed because it failed filtering checks, so removing its metadata
SHV.MEG_6372_Drugs_betalactams_Class_A_betalactamases_SHV was removed because it failed filtering checks, so removing its metadata
SHV.MEG_6373_Drugs_betalactams_Class_A_betalactamases_SHV was removed because it failed filtering checks, so removing its metadata
SHV.MEG_6374_Drugs_betalactams_Class_A_betalactamases_SHV was removed because it failed filtering checks, so removing its metadata
SHV.MEG_6377_Drugs_betalactams_Class_A_betalactamases_SHV was removed because it failed filtering checks, so removing its metadata
SHV.MEG_6378_Drugs_betalactams_Class_A_betalactamases_SHV was removed because it failed filtering checks, so removing its metadata
SHV.MEG_6381_Drugs_betalactams_Class_A_betalactamases_SHV was removed because it failed filtering checks, so removing its metadata
SHV.MEG_6382_Drugs_betalactams_Class_A_betalactamases_SHV was removed because it failed filtering checks, so removing its metadata
SHV.MEG_6383_Drugs_betalactams_Class_A_betalactamases_SHV was removed because it failed filtering checks, so removing its metadata
SHV.MEG_6405_Drugs_betalactams_Class_A_betalactamases_SHV was removed because it failed filtering checks, so removing its metadata
SHV.MEG_6413_Drugs_betalactams_Class_A_betalactamases_SHV was removed because it failed filtering checks, so removing its metadata
SHV.MEG_6414_Drugs_betalactams_Class_A_betalactamases_SHV was removed because it failed filtering checks, so removing its metadata
SHV.MEG_6416_Drugs_betalactams_Class_A_betalactamases_SHV was removed because it failed filtering checks, so removing its metadata
SHV.MEG_6417_Drugs_betalactams_Class_A_betalactamases_SHV was removed because it failed filtering checks, so removing its metadata
SHV.MEG_6418_Drugs_betalactams_Class_A_betalactamases_SHV was removed because it failed filtering checks, so removing its metadata
SHV.MEG_6419_Drugs_betalactams_Class_A_betalactamases_SHV was removed because it failed filtering checks, so removing its metadata
SHV.MEG_6420_Drugs_betalactams_Class_A_betalactamases_SHV was removed because it failed filtering checks, so removing its metadata
SHV.MEG_6421_Drugs_betalactams_Class_A_betalactamases_SHV was removed because it failed filtering checks, so removing its metadata
SHV.MEG_6422_Drugs_betalactams_Class_A_betalactamases_SHV was removed because it failed filtering checks, so removing its metadata
SHV.MEG_6423_Drugs_betalactams_Class_A_betalactamases_SHV was removed because it failed filtering checks, so removing its metadata
SHV.MEG_6424_Drugs_betalactams_Class_A_betalactamases_SHV was removed because it failed filtering checks, so removing its metadata
SHV.MEG_6427_Drugs_betalactams_Class_A_betalactamases_SHV was removed because it failed filtering checks, so removing its metadata
SHV.MEG_6428_Drugs_betalactams_Class_A_betalactamases_SHV was removed because it failed filtering checks, so removing its metadata
SHV.MEG_6429_Drugs_betalactams_Class_A_betalactamases_SHV was removed because it failed filtering checks, so removing its metadata
SHV.MEG_6430_Drugs_betalactams_Class_A_betalactamases_SHV was removed because it failed filtering checks, so removing its metadata
SHV.MEG_6433_Drugs_betalactams_Class_A_betalactamases_SHV was removed because it failed filtering checks, so removing its metadata
SHV.MEG_6443_Drugs_betalactams_Class_A_betalactamases_SHV was removed because it failed filtering checks, so removing its metadata
SHV.MEG_6447_Drugs_betalactams_Class_A_betalactamases_SHV was removed because it failed filtering checks, so removing its metadata
SHV.MEG_6448_Drugs_betalactams_Class_A_betalactamases_SHV was removed because it failed filtering checks, so removing its metadata
SHV.MEG_6449_Drugs_betalactams_Class_A_betalactamases_SHV was removed because it failed filtering checks, so removing its metadata
SHV.MEG_6453_Drugs_betalactams_Class_A_betalactamases_SHV was removed because it failed filtering checks, so removing its metadata
SHV.MEG_6454_Drugs_betalactams_Class_A_betalactamases_SHV was removed because it failed filtering checks, so removing its metadata
SHV.MEG_6455_Drugs_betalactams_Class_A_betalactamases_SHV was removed because it failed filtering checks, so removing its metadata
SHV.MEG_6456_Drugs_betalactams_Class_A_betalactamases_SHV was removed because it failed filtering checks, so removing its metadata
SHV.MEG_6458_Drugs_betalactams_Class_A_betalactamases_SHV was removed because it failed filtering checks, so removing its metadata
SHV.MEG_6461_Drugs_betalactams_Class_A_betalactamases_SHV was removed because it failed filtering checks, so removing its metadata
SHV.MEG_6462_Drugs_betalactams_Class_A_betalactamases_SHV was removed because it failed filtering checks, so removing its metadata
SHV.MEG_6463_Drugs_betalactams_Class_A_betalactamases_SHV was removed because it failed filtering checks, so removing its metadata
SHV.MEG_6464_Drugs_betalactams_Class_A_betalactamases_SHV was removed because it failed filtering checks, so removing its metadata
SHV.MEG_6465_Drugs_betalactams_Class_A_betalactamases_SHV was removed because it failed filtering checks, so removing its metadata
SHV.MEG_6468_Drugs_betalactams_Class_A_betalactamases_SHV was removed because it failed filtering checks, so removing its metadata
SHV.MEG_6469_Drugs_betalactams_Class_A_betalactamases_SHV was removed because it failed filtering checks, so removing its metadata
SHV.MEG_6470_Drugs_betalactams_Class_A_betalactamases_SHV was removed because it failed filtering checks, so removing its metadata
SHV.MEG_6471_Drugs_betalactams_Class_A_betalactamases_SHV was removed because it failed filtering checks, so removing its metadata
SHV.MEG_6473_Drugs_betalactams_Class_A_betalactamases_SHV was removed because it failed filtering checks, so removing its metadata
SHV.MEG_6483_Drugs_betalactams_Class_A_betalactamases_SHV was removed because it failed filtering checks, so removing its metadata
SHV.MEG_6484_Drugs_betalactams_Class_A_betalactamases_SHV was removed because it failed filtering checks, so removing its metadata
SHV.MEG_6485_Drugs_betalactams_Class_A_betalactamases_SHV was removed because it failed filtering checks, so removing its metadata
SHV.MEG_6486_Drugs_betalactams_Class_A_betalactamases_SHV was removed because it failed filtering checks, so removing its metadata
SHV.MEG_6487_Drugs_betalactams_Class_A_betalactamases_SHV was removed because it failed filtering checks, so removing its metadata
SHV.MEG_6488_Drugs_betalactams_Class_A_betalactamases_SHV was removed because it failed filtering checks, so removing its metadata
SHV.MEG_6491_Drugs_betalactams_Class_A_betalactamases_SHV was removed because it failed filtering checks, so removing its metadata
SHV.MEG_6493_Drugs_betalactams_Class_A_betalactamases_SHV was removed because it failed filtering checks, so removing its metadata
SHV.MEG_6495_Drugs_betalactams_Class_A_betalactamases_SHV was removed because it failed filtering checks, so removing its metadata
SMRA.MEG_6535_Biocides_Multi_biocide_resistance_Multi_biocide_ABC_efflux_pump_SMRA was removed because it failed filtering checks, so removing its metadata
SODA.MEG_6543_Biocides_Peroxide_resistance_peroxide_resistance_protein_SODA was removed because it failed filtering checks, so removing its metadata
SULI.MEG_6602_Drugs_Sulfonamides_Sulfonamide_resistant_dihydropteroate_synthases_SULI was removed because it failed filtering checks, so removing its metadata
SULI.MEG_6615_Drugs_Sulfonamides_Sulfonamide_resistant_dihydropteroate_synthases_SULI was removed because it failed filtering checks, so removing its metadata
SULIV.MEG_6640_Drugs_Sulfonamides_Sulfonamide_resistant_dihydropteroate_synthases_SULIV was removed because it failed filtering checks, so removing its metadata
TEM.MEG_6684_Drugs_betalactams_Class_A_betalactamases_TEM was removed because it failed filtering checks, so removing its metadata
TEM.MEG_6685_Drugs_betalactams_Class_A_betalactamases_TEM was removed because it failed filtering checks, so removing its metadata
TEM.MEG_6686_Drugs_betalactams_Class_A_betalactamases_TEM was removed because it failed filtering checks, so removing its metadata
TEM.MEG_6703_Drugs_betalactams_Class_A_betalactamases_TEM was removed because it failed filtering checks, so removing its metadata
TEM.MEG_6728_Drugs_betalactams_Class_A_betalactamases_TEM was removed because it failed filtering checks, so removing its metadata
TEM.MEG_6748_Drugs_betalactams_Class_A_betalactamases_TEM was removed because it failed filtering checks, so removing its metadata
TEM.MEG_6754_Drugs_betalactams_Class_A_betalactamases_TEM was removed because it failed filtering checks, so removing its metadata
TEM.MEG_6755_Drugs_betalactams_Class_A_betalactamases_TEM was removed because it failed filtering checks, so removing its metadata
TEM.MEG_6756_Drugs_betalactams_Class_A_betalactamases_TEM was removed because it failed filtering checks, so removing its metadata
TEM.MEG_6800_Drugs_betalactams_Class_A_betalactamases_TEM was removed because it failed filtering checks, so removing its metadata
TEM.MEG_6813_Drugs_betalactams_Class_A_betalactamases_TEM was removed because it failed filtering checks, so removing its metadata
TEM.MEG_6823_Drugs_betalactams_Class_A_betalactamases_TEM was removed because it failed filtering checks, so removing its metadata
TEM.MEG_6830_Drugs_betalactams_Class_A_betalactamases_TEM was removed because it failed filtering checks, so removing its metadata
TEM.MEG_6833_Drugs_betalactams_Class_A_betalactamases_TEM was removed because it failed filtering checks, so removing its metadata
TEM.MEG_6840_Drugs_betalactams_Class_A_betalactamases_TEM was removed because it failed filtering checks, so removing its metadata
TEM.MEG_6853_Drugs_betalactams_Class_A_betalactamases_TEM was removed because it failed filtering checks, so removing its metadata
TEM.MEG_6859_Drugs_betalactams_Class_A_betalactamases_TEM was removed because it failed filtering checks, so removing its metadata
TEM.MEG_6860_Drugs_betalactams_Class_A_betalactamases_TEM was removed because it failed filtering checks, so removing its metadata
TEM.MEG_6861_Drugs_betalactams_Class_A_betalactamases_TEM was removed because it failed filtering checks, so removing its metadata
TEM.MEG_6862_Drugs_betalactams_Class_A_betalactamases_TEM was removed because it failed filtering checks, so removing its metadata
TEM.MEG_6866_Drugs_betalactams_Class_A_betalactamases_TEM was removed because it failed filtering checks, so removing its metadata
TEM.MEG_6867_Drugs_betalactams_Class_A_betalactamases_TEM was removed because it failed filtering checks, so removing its metadata
TEM.MEG_6868_Drugs_betalactams_Class_A_betalactamases_TEM was removed because it failed filtering checks, so removing its metadata
TEM.MEG_6869_Drugs_betalactams_Class_A_betalactamases_TEM was removed because it failed filtering checks, so removing its metadata
TEM.MEG_6870_Drugs_betalactams_Class_A_betalactamases_TEM was removed because it failed filtering checks, so removing its metadata
TEM.MEG_6871_Drugs_betalactams_Class_A_betalactamases_TEM was removed because it failed filtering checks, so removing its metadata
TEM.MEG_6872_Drugs_betalactams_Class_A_betalactamases_TEM was removed because it failed filtering checks, so removing its metadata
TEM.MEG_6873_Drugs_betalactams_Class_A_betalactamases_TEM was removed because it failed filtering checks, so removing its metadata
TEM.MEG_6874_Drugs_betalactams_Class_A_betalactamases_TEM was removed because it failed filtering checks, so removing its metadata
TEM.MEG_6875_Drugs_betalactams_Class_A_betalactamases_TEM was removed because it failed filtering checks, so removing its metadata
TEM.MEG_6876_Drugs_betalactams_Class_A_betalactamases_TEM was removed because it failed filtering checks, so removing its metadata
TEM.MEG_6877_Drugs_betalactams_Class_A_betalactamases_TEM was removed because it failed filtering checks, so removing its metadata
TEM.MEG_6878_Drugs_betalactams_Class_A_betalactamases_TEM was removed because it failed filtering checks, so removing its metadata
TEM.MEG_6879_Drugs_betalactams_Class_A_betalactamases_TEM was removed because it failed filtering checks, so removing its metadata
TEM.MEG_6880_Drugs_betalactams_Class_A_betalactamases_TEM was removed because it failed filtering checks, so removing its metadata
TEM.MEG_6881_Drugs_betalactams_Class_A_betalactamases_TEM was removed because it failed filtering checks, so removing its metadata
TEM.MEG_6882_Drugs_betalactams_Class_A_betalactamases_TEM was removed because it failed filtering checks, so removing its metadata
TEM.MEG_6883_Drugs_betalactams_Class_A_betalactamases_TEM was removed because it failed filtering checks, so removing its metadata
TEM.MEG_6884_Drugs_betalactams_Class_A_betalactamases_TEM was removed because it failed filtering checks, so removing its metadata
TEM.MEG_6885_Drugs_betalactams_Class_A_betalactamases_TEM was removed because it failed filtering checks, so removing its metadata
TEM.MEG_6886_Drugs_betalactams_Class_A_betalactamases_TEM was removed because it failed filtering checks, so removing its metadata
TEM.MEG_6887_Drugs_betalactams_Class_A_betalactamases_TEM was removed because it failed filtering checks, so removing its metadata
TEM.MEG_6888_Drugs_betalactams_Class_A_betalactamases_TEM was removed because it failed filtering checks, so removing its metadata
TEM.MEG_6889_Drugs_betalactams_Class_A_betalactamases_TEM was removed because it failed filtering checks, so removing its metadata
TEM.MEG_6890_Drugs_betalactams_Class_A_betalactamases_TEM was removed because it failed filtering checks, so removing its metadata
TEM.MEG_6891_Drugs_betalactams_Class_A_betalactamases_TEM was removed because it failed filtering checks, so removing its metadata
TEM.MEG_6892_Drugs_betalactams_Class_A_betalactamases_TEM was removed because it failed filtering checks, so removing its metadata
TEM.MEG_6893_Drugs_betalactams_Class_A_betalactamases_TEM was removed because it failed filtering checks, so removing its metadata
TEM.MEG_6894_Drugs_betalactams_Class_A_betalactamases_TEM was removed because it failed filtering checks, so removing its metadata
TEM.MEG_6895_Drugs_betalactams_Class_A_betalactamases_TEM was removed because it failed filtering checks, so removing its metadata
TEM.MEG_6896_Drugs_betalactams_Class_A_betalactamases_TEM was removed because it failed filtering checks, so removing its metadata
TEM.MEG_6898_Drugs_betalactams_Class_A_betalactamases_TEM was removed because it failed filtering checks, so removing its metadata
TEM.MEG_6900_Drugs_betalactams_Class_A_betalactamases_TEM was removed because it failed filtering checks, so removing its metadata
TEM.MEG_6901_Drugs_betalactams_Class_A_betalactamases_TEM was removed because it failed filtering checks, so removing its metadata
TEM.MEG_6902_Drugs_betalactams_Class_A_betalactamases_TEM was removed because it failed filtering checks, so removing its metadata
TEM.MEG_6903_Drugs_betalactams_Class_A_betalactamases_TEM was removed because it failed filtering checks, so removing its metadata
TEM.MEG_6904_Drugs_betalactams_Class_A_betalactamases_TEM was removed because it failed filtering checks, so removing its metadata
TEM.MEG_6905_Drugs_betalactams_Class_A_betalactamases_TEM was removed because it failed filtering checks, so removing its metadata
TEM.MEG_6906_Drugs_betalactams_Class_A_betalactamases_TEM was removed because it failed filtering checks, so removing its metadata
TEM.MEG_6907_Drugs_betalactams_Class_A_betalactamases_TEM was removed because it failed filtering checks, so removing its metadata
TEM.MEG_6908_Drugs_betalactams_Class_A_betalactamases_TEM was removed because it failed filtering checks, so removing its metadata
TEM.MEG_6909_Drugs_betalactams_Class_A_betalactamases_TEM was removed because it failed filtering checks, so removing its metadata
TEM.MEG_6910_Drugs_betalactams_Class_A_betalactamases_TEM was removed because it failed filtering checks, so removing its metadata
TEM.MEG_6911_Drugs_betalactams_Class_A_betalactamases_TEM was removed because it failed filtering checks, so removing its metadata
TEM.MEG_6912_Drugs_betalactams_Class_A_betalactamases_TEM was removed because it failed filtering checks, so removing its metadata
TEM.MEG_6913_Drugs_betalactams_Class_A_betalactamases_TEM was removed because it failed filtering checks, so removing its metadata
TEM.MEG_6914_Drugs_betalactams_Class_A_betalactamases_TEM was removed because it failed filtering checks, so removing its metadata
TEM.MEG_6915_Drugs_betalactams_Class_A_betalactamases_TEM was removed because it failed filtering checks, so removing its metadata
TEM.MEG_6916_Drugs_betalactams_Class_A_betalactamases_TEM was removed because it failed filtering checks, so removing its metadata
TEM.MEG_6917_Drugs_betalactams_Class_A_betalactamases_TEM was removed because it failed filtering checks, so removing its metadata
TEM.MEG_6918_Drugs_betalactams_Class_A_betalactamases_TEM was removed because it failed filtering checks, so removing its metadata
TEM.MEG_6919_Drugs_betalactams_Class_A_betalactamases_TEM was removed because it failed filtering checks, so removing its metadata
TEM.MEG_6920_Drugs_betalactams_Class_A_betalactamases_TEM was removed because it failed filtering checks, so removing its metadata
TEM.MEG_6921_Drugs_betalactams_Class_A_betalactamases_TEM was removed because it failed filtering checks, so removing its metadata
TEM.MEG_6922_Drugs_betalactams_Class_A_betalactamases_TEM was removed because it failed filtering checks, so removing its metadata
TEM.MEG_6923_Drugs_betalactams_Class_A_betalactamases_TEM was removed because it failed filtering checks, so removing its metadata
TEM.MEG_6924_Drugs_betalactams_Class_A_betalactamases_TEM was removed because it failed filtering checks, so removing its metadata
TEM.MEG_6925_Drugs_betalactams_Class_A_betalactamases_TEM was removed because it failed filtering checks, so removing its metadata
TEM.MEG_6926_Drugs_betalactams_Class_A_betalactamases_TEM was removed because it failed filtering checks, so removing its metadata
TEM.MEG_6927_Drugs_betalactams_Class_A_betalactamases_TEM was removed because it failed filtering checks, so removing its metadata
TEM.MEG_6928_Drugs_betalactams_Class_A_betalactamases_TEM was removed because it failed filtering checks, so removing its metadata
TEM.MEG_6929_Drugs_betalactams_Class_A_betalactamases_TEM was removed because it failed filtering checks, so removing its metadata
TEM.MEG_6930_Drugs_betalactams_Class_A_betalactamases_TEM was removed because it failed filtering checks, so removing its metadata
TEM.MEG_6931_Drugs_betalactams_Class_A_betalactamases_TEM was removed because it failed filtering checks, so removing its metadata
TEM.MEG_6932_Drugs_betalactams_Class_A_betalactamases_TEM was removed because it failed filtering checks, so removing its metadata
TEM.MEG_6934_Drugs_betalactams_Class_A_betalactamases_TEM was removed because it failed filtering checks, so removing its metadata
TEM.MEG_6935_Drugs_betalactams_Class_A_betalactamases_TEM was removed because it failed filtering checks, so removing its metadata
TEM.MEG_6936_Drugs_betalactams_Class_A_betalactamases_TEM was removed because it failed filtering checks, so removing its metadata
TEM.MEG_6937_Drugs_betalactams_Class_A_betalactamases_TEM was removed because it failed filtering checks, so removing its metadata
TEM.MEG_6938_Drugs_betalactams_Class_A_betalactamases_TEM was removed because it failed filtering checks, so removing its metadata
TEM.MEG_6939_Drugs_betalactams_Class_A_betalactamases_TEM was removed because it failed filtering checks, so removing its metadata
TEM.MEG_6940_Drugs_betalactams_Class_A_betalactamases_TEM was removed because it failed filtering checks, so removing its metadata
TEM.MEG_6941_Drugs_betalactams_Class_A_betalactamases_TEM was removed because it failed filtering checks, so removing its metadata
TEM.MEG_6942_Drugs_betalactams_Class_A_betalactamases_TEM was removed because it failed filtering checks, so removing its metadata
TEM.MEG_6943_Drugs_betalactams_Class_A_betalactamases_TEM was removed because it failed filtering checks, so removing its metadata
TEM.MEG_6944_Drugs_betalactams_Class_A_betalactamases_TEM was removed because it failed filtering checks, so removing its metadata
TEM.MEG_6945_Drugs_betalactams_Class_A_betalactamases_TEM was removed because it failed filtering checks, so removing its metadata
TEM.MEG_6951_Drugs_betalactams_Class_A_betalactamases_TEM was removed because it failed filtering checks, so removing its metadata
TET16S.MEG_6963_Drugs_Tetracyclines_Tetracycline_resistant_16S_ribosomal_subunit_protein_TET16S_RequiresSNPConfirmation was removed because it failed filtering checks, so removing its metadata
TET16S.MEG_6964_Drugs_Tetracyclines_Tetracycline_resistant_16S_ribosomal_subunit_protein_TET16S_RequiresSNPConfirmation was removed because it failed filtering checks, so removing its metadata
TET33.MEG_6974_Drugs_Tetracyclines_Tetracycline_resistance_MFS_efflux_pumps_TET33 was removed because it failed filtering checks, so removing its metadata
TET39.MEG_6988_Drugs_Tetracyclines_Tetracycline_resistance_MFS_efflux_pumps_TET39 was removed because it failed filtering checks, so removing its metadata
TET39.MEG_6989_Drugs_Tetracyclines_Tetracycline_resistance_MFS_efflux_pumps_TET39 was removed because it failed filtering checks, so removing its metadata
TETA.MEG_7030_Drugs_Tetracyclines_Tetracycline_resistance_MFS_efflux_pumps_TETA was removed because it failed filtering checks, so removing its metadata
TETC.MEG_7064_Drugs_Tetracyclines_Tetracycline_resistance_MFS_efflux_pumps_TETC was removed because it failed filtering checks, so removing its metadata
TETC.MEG_7066_Drugs_Tetracyclines_Tetracycline_resistance_MFS_efflux_pumps_TETC was removed because it failed filtering checks, so removing its metadata
TETE.MEG_7074_Drugs_Tetracyclines_Tetracycline_resistance_MFS_efflux_pumps_TETE was removed because it failed filtering checks, so removing its metadata
TETE.MEG_7075_Drugs_Tetracyclines_Tetracycline_resistance_MFS_efflux_pumps_TETE was removed because it failed filtering checks, so removing its metadata
TETG.MEG_7079_Drugs_Tetracyclines_Tetracycline_resistance_MFS_efflux_pumps_TETG was removed because it failed filtering checks, so removing its metadata
TETO.MEG_7163_Drugs_Tetracyclines_Tetracycline_resistance_ribosomal_protection_proteins_TETO was removed because it failed filtering checks, so removing its metadata
TETO.MEG_7169_Drugs_Tetracyclines_Tetracycline_resistance_ribosomal_protection_proteins_TETO was removed because it failed filtering checks, so removing its metadata
TETO.MEG_7170_Drugs_Tetracyclines_Tetracycline_resistance_ribosomal_protection_proteins_TETO was removed because it failed filtering checks, so removing its metadata
TETO.MEG_7173_Drugs_Tetracyclines_Tetracycline_resistance_ribosomal_protection_proteins_TETO was removed because it failed filtering checks, so removing its metadata
TETO.MEG_7174_Drugs_Tetracyclines_Tetracycline_resistance_ribosomal_protection_proteins_TETO was removed because it failed filtering checks, so removing its metadata
TETW.MEG_7229_Drugs_Tetracyclines_Tetracycline_resistance_ribosomal_protection_proteins_TETW was removed because it failed filtering checks, so removing its metadata
TOLC.MEG_7265_Biocides_Multi_biocide_resistance_Multi_biocide_RND_efflux_pump_TOLC was removed because it failed filtering checks, so removing its metadata
VANA.MEG_7344_Drugs_Glycopeptides_VanA_type_resistance_protein_VANA was removed because it failed filtering checks, so removing its metadata
VANC.MEG_7371_Drugs_Glycopeptides_VanC_type_resistance_protein_VANC was removed because it failed filtering checks, so removing its metadata
VANC.MEG_7372_Drugs_Glycopeptides_VanC_type_resistance_protein_VANC was removed because it failed filtering checks, so removing its metadata
VANC.MEG_7373_Drugs_Glycopeptides_VanC_type_resistance_protein_VANC was removed because it failed filtering checks, so removing its metadata
VANC.MEG_7374_Drugs_Glycopeptides_VanC_type_resistance_protein_VANC was removed because it failed filtering checks, so removing its metadata
VANC.MEG_7375_Drugs_Glycopeptides_VanC_type_resistance_protein_VANC was removed because it failed filtering checks, so removing its metadata
VANC.MEG_7376_Drugs_Glycopeptides_VanC_type_resistance_protein_VANC was removed because it failed filtering checks, so removing its metadata
VANC.MEG_7377_Drugs_Glycopeptides_VanC_type_resistance_protein_VANC was removed because it failed filtering checks, so removing its metadata
VANC.MEG_7378_Drugs_Glycopeptides_VanC_type_resistance_protein_VANC was removed because it failed filtering checks, so removing its metadata
VANC.MEG_7379_Drugs_Glycopeptides_VanC_type_resistance_protein_VANC was removed because it failed filtering checks, so removing its metadata
VANC.MEG_7380_Drugs_Glycopeptides_VanC_type_resistance_protein_VANC was removed because it failed filtering checks, so removing its metadata
VANC.MEG_7381_Drugs_Glycopeptides_VanC_type_resistance_protein_VANC was removed because it failed filtering checks, so removing its metadata
VANC.MEG_7382_Drugs_Glycopeptides_VanC_type_resistance_protein_VANC was removed because it failed filtering checks, so removing its metadata
VANE.MEG_7390_Drugs_Glycopeptides_VanE_type_resistance_protein_VANE was removed because it failed filtering checks, so removing its metadata
VANE.MEG_7391_Drugs_Glycopeptides_VanE_type_resistance_protein_VANE was removed because it failed filtering checks, so removing its metadata
VANG.MEG_7396_Drugs_Glycopeptides_VanG_type_resistance_protein_VANG was removed because it failed filtering checks, so removing its metadata
VANG.MEG_7397_Drugs_Glycopeptides_VanG_type_resistance_protein_VANG was removed because it failed filtering checks, so removing its metadata
VANHA.MEG_7399_Drugs_Glycopeptides_VanA_type_resistance_protein_VANHA was removed because it failed filtering checks, so removing its metadata
VANHA.MEG_7408_Drugs_Glycopeptides_VanA_type_resistance_protein_VANHA was removed because it failed filtering checks, so removing its metadata
VANHA.MEG_7409_Drugs_Glycopeptides_VanA_type_resistance_protein_VANHA was removed because it failed filtering checks, so removing its metadata
VANHA.MEG_7410_Drugs_Glycopeptides_VanA_type_resistance_protein_VANHA was removed because it failed filtering checks, so removing its metadata
VANHA.MEG_7411_Drugs_Glycopeptides_VanA_type_resistance_protein_VANHA was removed because it failed filtering checks, so removing its metadata
VANHA.MEG_7412_Drugs_Glycopeptides_VanA_type_resistance_protein_VANHA was removed because it failed filtering checks, so removing its metadata
VANHB.MEG_7417_Drugs_Glycopeptides_VanB_type_resistance_protein_VANHB was removed because it failed filtering checks, so removing its metadata
VANHB.MEG_7418_Drugs_Glycopeptides_VanB_type_resistance_protein_VANHB was removed because it failed filtering checks, so removing its metadata
VANHD.MEG_7429_Drugs_Glycopeptides_VanD_type_resistance_protein_VANHD was removed because it failed filtering checks, so removing its metadata
VANHD.MEG_7430_Drugs_Glycopeptides_VanD_type_resistance_protein_VANHD was removed because it failed filtering checks, so removing its metadata
VANHD.MEG_7431_Drugs_Glycopeptides_VanD_type_resistance_protein_VANHD was removed because it failed filtering checks, so removing its metadata
VANHD.MEG_7432_Drugs_Glycopeptides_VanD_type_resistance_protein_VANHD was removed because it failed filtering checks, so removing its metadata
VANHD.MEG_7433_Drugs_Glycopeptides_VanD_type_resistance_protein_VANHD was removed because it failed filtering checks, so removing its metadata
VANHD.MEG_7434_Drugs_Glycopeptides_VanD_type_resistance_protein_VANHD was removed because it failed filtering checks, so removing its metadata
VANHD.MEG_7435_Drugs_Glycopeptides_VanD_type_resistance_protein_VANHD was removed because it failed filtering checks, so removing its metadata
VANHD.MEG_7436_Drugs_Glycopeptides_VanD_type_resistance_protein_VANHD was removed because it failed filtering checks, so removing its metadata
VANHD.MEG_7437_Drugs_Glycopeptides_VanD_type_resistance_protein_VANHD was removed because it failed filtering checks, so removing its metadata
VANHD.MEG_7438_Drugs_Glycopeptides_VanD_type_resistance_protein_VANHD was removed because it failed filtering checks, so removing its metadata
VANL.MEG_7445_Drugs_Glycopeptides_VanL_type_resistance_protein_VANL was removed because it failed filtering checks, so removing its metadata
VANN.MEG_7447_Drugs_Glycopeptides_VanN_type_resistance_protein_VANN was removed because it failed filtering checks, so removing its metadata
VANN.MEG_7448_Drugs_Glycopeptides_VanN_type_resistance_protein_VANN was removed because it failed filtering checks, so removing its metadata
VANSB.MEG_7493_Drugs_Glycopeptides_VanB_type_regulator_VANSB was removed because it failed filtering checks, so removing its metadata
VANXA.MEG_7550_Drugs_Glycopeptides_VanA_type_resistance_protein_VANXA was removed because it failed filtering checks, so removing its metadata
VANXB.MEG_7563_Drugs_Glycopeptides_VanB_type_resistance_protein_VANXB was removed because it failed filtering checks, so removing its metadata
VANXM.MEG_7571_Drugs_Glycopeptides_VanM_type_resistance_protein_VANXM was removed because it failed filtering checks, so removing its metadata
VANXM.MEG_7572_Drugs_Glycopeptides_VanM_type_resistance_protein_VANXM was removed because it failed filtering checks, so removing its metadata
VANYD.MEG_7604_Drugs_Glycopeptides_VanD_type_accessory_protein_VANYD was removed because it failed filtering checks, so removing its metadata
VEB.MEG_7665_Drugs_betalactams_Class_A_betalactamases_VEB was removed because it failed filtering checks, so removing its metadata
VEB.MEG_7666_Drugs_betalactams_Class_A_betalactamases_VEB was removed because it failed filtering checks, so removing its metadata
VEB.MEG_7667_Drugs_betalactams_Class_A_betalactamases_VEB was removed because it failed filtering checks, so removing its metadata
VIM.MEG_7761_Drugs_betalactams_Class_B_betalactamases_VIM was removed because it failed filtering checks, so removing its metadata
VIM.MEG_7762_Drugs_betalactams_Class_B_betalactamases_VIM was removed because it failed filtering checks, so removing its metadata
VIM.MEG_7765_Drugs_betalactams_Class_B_betalactamases_VIM was removed because it failed filtering checks, so removing its metadata
VIM.MEG_7766_Drugs_betalactams_Class_B_betalactamases_VIM was removed because it failed filtering checks, so removing its metadata
VIM.MEG_7767_Drugs_betalactams_Class_B_betalactamases_VIM was removed because it failed filtering checks, so removing its metadata
VIM.MEG_7768_Drugs_betalactams_Class_B_betalactamases_VIM was removed because it failed filtering checks, so removing its metadata
ZNUB.MEG_7857_Metals_Zinc_resistance_Zinc_resistance_protein_ZNUB was removed because it failed filtering checks, so removing its metadata
ZRAS.MEG_7863_Metals_Multi_metal_resistance_Multi_metal_resistance_regulator_ZRAS was removed because it failed filtering checks, so removing its metadata
